{"C:\\Users\\LKsnj\\Desktop\\MY_PROJECTS\\Wastemanegement system\\New folder (2)\\WasteWise\\constants\\customerTheme.js": {"path":"C:\\Users\\LKsnj\\Desktop\\MY_PROJECTS\\Wastemanegement system\\New folder (2)\\WasteWise\\constants\\customerTheme.js","statementMap":{"0":{"start":{"line":2,"column":22},"end":{"line":50,"column":1}},"1":{"start":{"line":52,"column":21},"end":{"line":57,"column":1}},"2":{"start":{"line":59,"column":23},"end":{"line":66,"column":1}},"3":{"start":{"line":68,"column":25},"end":{"line":75,"column":1}},"4":{"start":{"line":77,"column":23},"end":{"line":99,"column":1}}},"fnMap":{},"branchMap":{},"s":{"0":0,"1":0,"2":0,"3":0,"4":0},"f":{},"b":{}}
,"C:\\Users\\LKsnj\\Desktop\\MY_PROJECTS\\Wastemanegement system\\New folder (2)\\WasteWise\\constants\\paymentConfig.js": {"path":"C:\\Users\\LKsnj\\Desktop\\MY_PROJECTS\\Wastemanegement system\\New folder (2)\\WasteWise\\constants\\paymentConfig.js","statementMap":{"0":{"start":{"line":2,"column":35},"end":{"line":2,"column":41}},"1":{"start":{"line":3,"column":24},"end":{"line":3,"column":28}},"2":{"start":{"line":6,"column":35},"end":{"line":16,"column":1}},"3":{"start":{"line":19,"column":31},"end":{"line":29,"column":1}},"4":{"start":{"line":32,"column":32},"end":{"line":42,"column":1}},"5":{"start":{"line":33,"column":2},"end":{"line":35,"column":3}},"6":{"start":{"line":34,"column":4},"end":{"line":34,"column":51}},"7":{"start":{"line":37,"column":2},"end":{"line":41,"column":4}},"8":{"start":{"line":45,"column":35},"end":{"line":50,"column":1}},"9":{"start":{"line":53,"column":30},"end":{"line":59,"column":1}},"10":{"start":{"line":54,"column":2},"end":{"line":58,"column":20}},"11":{"start":{"line":62,"column":36},"end":{"line":87,"column":1}},"12":{"start":{"line":64,"column":2},"end":{"line":64,"column":29}},"13":{"start":{"line":64,"column":18},"end":{"line":64,"column":29}},"14":{"start":{"line":66,"column":21},"end":{"line":66,"column":49}},"15":{"start":{"line":68,"column":25},"end":{"line":70,"column":7}},"16":{"start":{"line":69,"column":4},"end":{"line":69,"column":86}},"17":{"start":{"line":72,"column":24},"end":{"line":72,"column":51}},"18":{"start":{"line":73,"column":14},"end":{"line":73,"column":38}},"19":{"start":{"line":74,"column":16},"end":{"line":74,"column":35}},"20":{"start":{"line":76,"column":2},"end":{"line":86,"column":4}},"21":{"start":{"line":90,"column":42},"end":{"line":114,"column":1}},"22":{"start":{"line":92,"column":26},"end":{"line":94,"column":3}},"23":{"start":{"line":93,"column":4},"end":{"line":93,"column":79}},"24":{"start":{"line":96,"column":20},"end":{"line":100,"column":5}},"25":{"start":{"line":96,"column":54},"end":{"line":100,"column":3}},"26":{"start":{"line":102,"column":19},"end":{"line":102,"column":73}},"27":{"start":{"line":102,"column":53},"end":{"line":102,"column":69}},"28":{"start":{"line":103,"column":14},"end":{"line":103,"column":33}},"29":{"start":{"line":104,"column":16},"end":{"line":104,"column":30}},"30":{"start":{"line":106,"column":2},"end":{"line":113,"column":4}},"31":{"start":{"line":117,"column":30},"end":{"line":123,"column":1}},"32":{"start":{"line":126,"column":29},"end":{"line":131,"column":1}}},"fnMap":{"0":{"name":"(anonymous_0)","decl":{"start":{"line":32,"column":32},"end":{"line":32,"column":33}},"loc":{"start":{"line":32,"column":47},"end":{"line":42,"column":1}},"line":32},"1":{"name":"(anonymous_1)","decl":{"start":{"line":53,"column":30},"end":{"line":53,"column":31}},"loc":{"start":{"line":53,"column":42},"end":{"line":59,"column":1}},"line":53},"2":{"name":"(anonymous_2)","decl":{"start":{"line":62,"column":36},"end":{"line":62,"column":37}},"loc":{"start":{"line":62,"column":77},"end":{"line":87,"column":1}},"line":62},"3":{"name":"(anonymous_3)","decl":{"start":{"line":68,"column":51},"end":{"line":68,"column":52}},"loc":{"start":{"line":68,"column":71},"end":{"line":70,"column":3}},"line":68},"4":{"name":"(anonymous_4)","decl":{"start":{"line":90,"column":42},"end":{"line":90,"column":43}},"loc":{"start":{"line":90,"column":63},"end":{"line":114,"column":1}},"line":90},"5":{"name":"(anonymous_5)","decl":{"start":{"line":92,"column":44},"end":{"line":92,"column":45}},"loc":{"start":{"line":93,"column":4},"end":{"line":93,"column":79}},"line":93},"6":{"name":"(anonymous_6)","decl":{"start":{"line":96,"column":40},"end":{"line":96,"column":41}},"loc":{"start":{"line":96,"column":54},"end":{"line":100,"column":3}},"line":96},"7":{"name":"(anonymous_7)","decl":{"start":{"line":102,"column":36},"end":{"line":102,"column":37}},"loc":{"start":{"line":102,"column":53},"end":{"line":102,"column":69}},"line":102}},"branchMap":{"0":{"loc":{"start":{"line":33,"column":2},"end":{"line":35,"column":3}},"type":"if","locations":[{"start":{"line":33,"column":2},"end":{"line":35,"column":3}},{"start":{},"end":{}}],"line":33},"1":{"loc":{"start":{"line":33,"column":6},"end":{"line":33,"column":49}},"type":"binary-expr","locations":[{"start":{"line":33,"column":6},"end":{"line":33,"column":16}},{"start":{"line":33,"column":20},"end":{"line":33,"column":49}}],"line":33},"2":{"loc":{"start":{"line":37,"column":9},"end":{"line":41,"column":3}},"type":"binary-expr","locations":[{"start":{"line":37,"column":9},"end":{"line":37,"column":35}},{"start":{"line":37,"column":39},"end":{"line":41,"column":3}}],"line":37},"3":{"loc":{"start":{"line":62,"column":37},"end":{"line":62,"column":47}},"type":"default-arg","locations":[{"start":{"line":62,"column":46},"end":{"line":62,"column":47}}],"line":62},"4":{"loc":{"start":{"line":62,"column":49},"end":{"line":62,"column":72}},"type":"default-arg","locations":[{"start":{"line":62,"column":70},"end":{"line":62,"column":72}}],"line":62},"5":{"loc":{"start":{"line":64,"column":2},"end":{"line":64,"column":29}},"type":"if","locations":[{"start":{"line":64,"column":2},"end":{"line":64,"column":29}},{"start":{},"end":{}}],"line":64},"6":{"loc":{"start":{"line":69,"column":20},"end":{"line":69,"column":84}},"type":"binary-expr","locations":[{"start":{"line":69,"column":20},"end":{"line":69,"column":31}},{"start":{"line":69,"column":35},"end":{"line":69,"column":79}},{"start":{"line":69,"column":83},"end":{"line":69,"column":84}}],"line":69},"7":{"loc":{"start":{"line":69,"column":55},"end":{"line":69,"column":78}},"type":"binary-expr","locations":[{"start":{"line":69,"column":55},"end":{"line":69,"column":67}},{"start":{"line":69,"column":71},"end":{"line":69,"column":78}}],"line":69},"8":{"loc":{"start":{"line":90,"column":43},"end":{"line":90,"column":58}},"type":"default-arg","locations":[{"start":{"line":90,"column":56},"end":{"line":90,"column":58}}],"line":90},"9":{"loc":{"start":{"line":93,"column":4},"end":{"line":93,"column":79}},"type":"binary-expr","locations":[{"start":{"line":93,"column":4},"end":{"line":93,"column":8}},{"start":{"line":93,"column":12},"end":{"line":93,"column":36}},{"start":{"line":93,"column":40},"end":{"line":93,"column":79}}],"line":93}},"s":{"0":2,"1":2,"2":2,"3":2,"4":2,"5":13,"6":2,"7":11,"8":2,"9":2,"10":0,"11":2,"12":8,"13":1,"14":8,"15":8,"16":2,"17":8,"18":8,"19":8,"20":8,"21":2,"22":16,"23":499,"24":16,"25":495,"26":16,"27":495,"28":16,"29":16,"30":16,"31":2,"32":2},"f":{"0":13,"1":0,"2":8,"3":2,"4":16,"5":499,"6":495,"7":495},"b":{"0":[2,11],"1":[13,11],"2":[11,1],"3":[0],"4":[7],"5":[1,7],"6":[2,0,0],"7":[0,0],"8":[0],"9":[499,497,497]},"_coverageSchema":"1a1c01bbd47fc00a2c39e90264f33305004495a9","hash":"bb7b5ca8d3ef19518cfc5ae1c1fdb208c181b7f7"}
,"C:\\Users\\LKsnj\\Desktop\\MY_PROJECTS\\Wastemanegement system\\New folder (2)\\WasteWise\\constants\\theme.js": {"path":"C:\\Users\\LKsnj\\Desktop\\MY_PROJECTS\\Wastemanegement system\\New folder (2)\\WasteWise\\constants\\theme.js","statementMap":{"0":{"start":{"line":8,"column":23},"end":{"line":8,"column":32}},"1":{"start":{"line":9,"column":22},"end":{"line":9,"column":28}},"2":{"start":{"line":11,"column":22},"end":{"line":28,"column":1}},"3":{"start":{"line":30,"column":21},"end":{"line":53,"column":2}}},"fnMap":{},"branchMap":{},"s":{"0":0,"1":0,"2":0,"3":0},"f":{},"b":{}}
,"C:\\Users\\LKsnj\\Desktop\\MY_PROJECTS\\Wastemanegement system\\New folder (2)\\WasteWise\\constants\\wasteTypes.js": {"path":"C:\\Users\\LKsnj\\Desktop\\MY_PROJECTS\\Wastemanegement system\\New folder (2)\\WasteWise\\constants\\wasteTypes.js","statementMap":{"0":{"start":{"line":6,"column":27},"end":{"line":63,"column":1}},"1":{"start":{"line":68,"column":30},"end":{"line":68,"column":54}},"2":{"start":{"line":73,"column":31},"end":{"line":73,"column":57}},"3":{"start":{"line":78,"column":28},"end":{"line":82,"column":1}},"4":{"start":{"line":79,"column":2},"end":{"line":79,"column":23}},"5":{"start":{"line":79,"column":11},"end":{"line":79,"column":23}},"6":{"start":{"line":80,"column":22},"end":{"line":80,"column":38}},"7":{"start":{"line":81,"column":2},"end":{"line":81,"column":42}},"8":{"start":{"line":87,"column":33},"end":{"line":90,"column":1}},"9":{"start":{"line":88,"column":15},"end":{"line":88,"column":31}},"10":{"start":{"line":89,"column":2},"end":{"line":89,"column":39}},"11":{"start":{"line":95,"column":32},"end":{"line":98,"column":1}},"12":{"start":{"line":96,"column":15},"end":{"line":96,"column":31}},"13":{"start":{"line":97,"column":2},"end":{"line":97,"column":34}},"14":{"start":{"line":103,"column":33},"end":{"line":106,"column":1}},"15":{"start":{"line":104,"column":15},"end":{"line":104,"column":31}},"16":{"start":{"line":105,"column":2},"end":{"line":105,"column":39}},"17":{"start":{"line":111,"column":32},"end":{"line":114,"column":1}},"18":{"start":{"line":112,"column":2},"end":{"line":112,"column":24}},"19":{"start":{"line":112,"column":11},"end":{"line":112,"column":24}},"20":{"start":{"line":113,"column":2},"end":{"line":113,"column":51}},"21":{"start":{"line":119,"column":34},"end":{"line":123,"column":1}},"22":{"start":{"line":120,"column":2},"end":{"line":120,"column":23}},"23":{"start":{"line":120,"column":11},"end":{"line":120,"column":23}},"24":{"start":{"line":121,"column":22},"end":{"line":121,"column":38}},"25":{"start":{"line":122,"column":2},"end":{"line":122,"column":60}},"26":{"start":{"line":129,"column":42},"end":{"line":138,"column":1}},"27":{"start":{"line":143,"column":30},"end":{"line":143,"column":41}}},"fnMap":{"0":{"name":"(anonymous_0)","decl":{"start":{"line":78,"column":28},"end":{"line":78,"column":29}},"loc":{"start":{"line":78,"column":36},"end":{"line":82,"column":1}},"line":78},"1":{"name":"(anonymous_1)","decl":{"start":{"line":87,"column":33},"end":{"line":87,"column":34}},"loc":{"start":{"line":87,"column":41},"end":{"line":90,"column":1}},"line":87},"2":{"name":"(anonymous_2)","decl":{"start":{"line":95,"column":32},"end":{"line":95,"column":33}},"loc":{"start":{"line":95,"column":40},"end":{"line":98,"column":1}},"line":95},"3":{"name":"(anonymous_3)","decl":{"start":{"line":103,"column":33},"end":{"line":103,"column":34}},"loc":{"start":{"line":103,"column":41},"end":{"line":106,"column":1}},"line":103},"4":{"name":"(anonymous_4)","decl":{"start":{"line":111,"column":32},"end":{"line":111,"column":33}},"loc":{"start":{"line":111,"column":40},"end":{"line":114,"column":1}},"line":111},"5":{"name":"(anonymous_5)","decl":{"start":{"line":119,"column":34},"end":{"line":119,"column":35}},"loc":{"start":{"line":119,"column":42},"end":{"line":123,"column":1}},"line":119}},"branchMap":{"0":{"loc":{"start":{"line":79,"column":2},"end":{"line":79,"column":23}},"type":"if","locations":[{"start":{"line":79,"column":2},"end":{"line":79,"column":23}},{"start":{},"end":{}}],"line":79},"1":{"loc":{"start":{"line":81,"column":9},"end":{"line":81,"column":41}},"type":"binary-expr","locations":[{"start":{"line":81,"column":9},"end":{"line":81,"column":33}},{"start":{"line":81,"column":37},"end":{"line":81,"column":41}}],"line":81},"2":{"loc":{"start":{"line":89,"column":9},"end":{"line":89,"column":38}},"type":"cond-expr","locations":[{"start":{"line":89,"column":16},"end":{"line":89,"column":26}},{"start":{"line":89,"column":29},"end":{"line":89,"column":38}}],"line":89},"3":{"loc":{"start":{"line":97,"column":9},"end":{"line":97,"column":33}},"type":"cond-expr","locations":[{"start":{"line":97,"column":16},"end":{"line":97,"column":25}},{"start":{"line":97,"column":28},"end":{"line":97,"column":33}}],"line":97},"4":{"loc":{"start":{"line":105,"column":9},"end":{"line":105,"column":38}},"type":"cond-expr","locations":[{"start":{"line":105,"column":16},"end":{"line":105,"column":26}},{"start":{"line":105,"column":29},"end":{"line":105,"column":38}}],"line":105},"5":{"loc":{"start":{"line":112,"column":2},"end":{"line":112,"column":24}},"type":"if","locations":[{"start":{"line":112,"column":2},"end":{"line":112,"column":24}},{"start":{},"end":{}}],"line":112},"6":{"loc":{"start":{"line":120,"column":2},"end":{"line":120,"column":23}},"type":"if","locations":[{"start":{"line":120,"column":2},"end":{"line":120,"column":23}},{"start":{},"end":{}}],"line":120},"7":{"loc":{"start":{"line":122,"column":9},"end":{"line":122,"column":59}},"type":"cond-expr","locations":[{"start":{"line":122,"column":41},"end":{"line":122,"column":52}},{"start":{"line":122,"column":55},"end":{"line":122,"column":59}}],"line":122}},"s":{"0":0,"1":0,"2":0,"3":0,"4":0,"5":0,"6":0,"7":0,"8":0,"9":0,"10":0,"11":0,"12":0,"13":0,"14":0,"15":0,"16":0,"17":0,"18":0,"19":0,"20":0,"21":0,"22":0,"23":0,"24":0,"25":0,"26":0,"27":0},"f":{"0":0,"1":0,"2":0,"3":0,"4":0,"5":0},"b":{"0":[0,0],"1":[0,0],"2":[0,0],"3":[0,0],"4":[0,0],"5":[0,0],"6":[0,0],"7":[0,0]}}
,"C:\\Users\\LKsnj\\Desktop\\MY_PROJECTS\\Wastemanegement system\\New folder (2)\\WasteWise\\services\\auth.js": {"path":"C:\\Users\\LKsnj\\Desktop\\MY_PROJECTS\\Wastemanegement system\\New folder (2)\\WasteWise\\services\\auth.js","statementMap":{"0":{"start":{"line":15,"column":33},"end":{"line":52,"column":1}},"1":{"start":{"line":16,"column":2},"end":{"line":51,"column":3}},"2":{"start":{"line":17,"column":20},"end":{"line":17,"column":44}},"3":{"start":{"line":19,"column":24},"end":{"line":34,"column":5}},"4":{"start":{"line":36,"column":4},"end":{"line":36,"column":39}},"5":{"start":{"line":39,"column":4},"end":{"line":45,"column":5}},"6":{"start":{"line":40,"column":6},"end":{"line":40,"column":73}},"7":{"start":{"line":41,"column":6},"end":{"line":44,"column":9}},"8":{"start":{"line":47,"column":4},"end":{"line":47,"column":48}},"9":{"start":{"line":49,"column":4},"end":{"line":49,"column":57}},"10":{"start":{"line":50,"column":4},"end":{"line":50,"column":52}},"11":{"start":{"line":57,"column":30},"end":{"line":71,"column":1}},"12":{"start":{"line":58,"column":2},"end":{"line":70,"column":3}},"13":{"start":{"line":59,"column":20},"end":{"line":59,"column":44}},"14":{"start":{"line":60,"column":20},"end":{"line":60,"column":41}},"15":{"start":{"line":62,"column":4},"end":{"line":66,"column":5}},"16":{"start":{"line":63,"column":6},"end":{"line":63,"column":53}},"17":{"start":{"line":65,"column":6},"end":{"line":65,"column":65}},"18":{"start":{"line":68,"column":4},"end":{"line":68,"column":56}},"19":{"start":{"line":69,"column":4},"end":{"line":69,"column":52}},"20":{"start":{"line":76,"column":33},"end":{"line":93,"column":1}},"21":{"start":{"line":77,"column":2},"end":{"line":92,"column":3}},"22":{"start":{"line":78,"column":20},"end":{"line":78,"column":44}},"23":{"start":{"line":79,"column":4},"end":{"line":87,"column":6}},"24":{"start":{"line":88,"column":4},"end":{"line":88,"column":29}},"25":{"start":{"line":90,"column":4},"end":{"line":90,"column":57}},"26":{"start":{"line":91,"column":4},"end":{"line":91,"column":52}},"27":{"start":{"line":98,"column":31},"end":{"line":131,"column":1}},"28":{"start":{"line":99,"column":2},"end":{"line":130,"column":3}},"29":{"start":{"line":101,"column":27},"end":{"line":101,"column":86}},"30":{"start":{"line":102,"column":17},"end":{"line":102,"column":36}},"31":{"start":{"line":105,"column":24},"end":{"line":114,"column":5}},"32":{"start":{"line":116,"column":19},"end":{"line":116,"column":65}},"33":{"start":{"line":118,"column":4},"end":{"line":126,"column":5}},"34":{"start":{"line":119,"column":6},"end":{"line":123,"column":8}},"35":{"start":{"line":125,"column":6},"end":{"line":125,"column":53}},"36":{"start":{"line":128,"column":4},"end":{"line":128,"column":46}},"37":{"start":{"line":129,"column":4},"end":{"line":129,"column":52}},"38":{"start":{"line":136,"column":31},"end":{"line":161,"column":1}},"39":{"start":{"line":137,"column":2},"end":{"line":160,"column":3}},"40":{"start":{"line":138,"column":27},"end":{"line":138,"column":82}},"41":{"start":{"line":139,"column":17},"end":{"line":139,"column":36}},"42":{"start":{"line":142,"column":20},"end":{"line":142,"column":50}},"43":{"start":{"line":144,"column":4},"end":{"line":150,"column":5}},"44":{"start":{"line":145,"column":6},"end":{"line":145,"column":26}},"45":{"start":{"line":146,"column":6},"end":{"line":149,"column":8}},"46":{"start":{"line":152,"column":4},"end":{"line":156,"column":6}},"47":{"start":{"line":158,"column":4},"end":{"line":158,"column":46}},"48":{"start":{"line":159,"column":4},"end":{"line":159,"column":52}},"49":{"start":{"line":166,"column":32},"end":{"line":226,"column":1}},"50":{"start":{"line":167,"column":2},"end":{"line":225,"column":3}},"51":{"start":{"line":168,"column":19},"end":{"line":168,"column":62}},"52":{"start":{"line":169,"column":17},"end":{"line":169,"column":28}},"53":{"start":{"line":172,"column":28},"end":{"line":172,"column":58}},"54":{"start":{"line":174,"column":4},"end":{"line":202,"column":5}},"55":{"start":{"line":175,"column":6},"end":{"line":178,"column":7}},"56":{"start":{"line":176,"column":8},"end":{"line":176,"column":28}},"57":{"start":{"line":177,"column":8},"end":{"line":177,"column":64}},"58":{"start":{"line":181,"column":26},"end":{"line":189,"column":7}},"59":{"start":{"line":191,"column":25},"end":{"line":191,"column":71}},"60":{"start":{"line":192,"column":6},"end":{"line":195,"column":7}},"61":{"start":{"line":193,"column":8},"end":{"line":193,"column":28}},"62":{"start":{"line":194,"column":8},"end":{"line":194,"column":90}},"63":{"start":{"line":196,"column":6},"end":{"line":201,"column":8}},"64":{"start":{"line":204,"column":4},"end":{"line":209,"column":6}},"65":{"start":{"line":211,"column":4},"end":{"line":211,"column":58}},"66":{"start":{"line":214,"column":4},"end":{"line":216,"column":5}},"67":{"start":{"line":215,"column":6},"end":{"line":215,"column":96}},"68":{"start":{"line":217,"column":4},"end":{"line":219,"column":5}},"69":{"start":{"line":218,"column":6},"end":{"line":218,"column":124}},"70":{"start":{"line":220,"column":4},"end":{"line":222,"column":5}},"71":{"start":{"line":221,"column":6},"end":{"line":221,"column":99}},"72":{"start":{"line":224,"column":4},"end":{"line":224,"column":52}},"73":{"start":{"line":231,"column":22},"end":{"line":239,"column":1}},"74":{"start":{"line":232,"column":2},"end":{"line":238,"column":3}},"75":{"start":{"line":233,"column":4},"end":{"line":233,"column":24}},"76":{"start":{"line":234,"column":4},"end":{"line":234,"column":29}},"77":{"start":{"line":236,"column":4},"end":{"line":236,"column":47}},"78":{"start":{"line":237,"column":4},"end":{"line":237,"column":52}},"79":{"start":{"line":244,"column":33},"end":{"line":246,"column":1}},"80":{"start":{"line":245,"column":2},"end":{"line":245,"column":44}},"81":{"start":{"line":251,"column":30},"end":{"line":253,"column":1}},"82":{"start":{"line":252,"column":2},"end":{"line":252,"column":26}}},"fnMap":{"0":{"name":"(anonymous_0)","decl":{"start":{"line":15,"column":33},"end":{"line":15,"column":34}},"loc":{"start":{"line":15,"column":61},"end":{"line":52,"column":1}},"line":15},"1":{"name":"(anonymous_1)","decl":{"start":{"line":57,"column":30},"end":{"line":57,"column":31}},"loc":{"start":{"line":57,"column":48},"end":{"line":71,"column":1}},"line":57},"2":{"name":"(anonymous_2)","decl":{"start":{"line":76,"column":33},"end":{"line":76,"column":34}},"loc":{"start":{"line":76,"column":60},"end":{"line":93,"column":1}},"line":76},"3":{"name":"(anonymous_3)","decl":{"start":{"line":98,"column":31},"end":{"line":98,"column":32}},"loc":{"start":{"line":98,"column":79},"end":{"line":131,"column":1}},"line":98},"4":{"name":"(anonymous_4)","decl":{"start":{"line":136,"column":31},"end":{"line":136,"column":32}},"loc":{"start":{"line":136,"column":58},"end":{"line":161,"column":1}},"line":136},"5":{"name":"(anonymous_5)","decl":{"start":{"line":166,"column":32},"end":{"line":166,"column":33}},"loc":{"start":{"line":166,"column":71},"end":{"line":226,"column":1}},"line":166},"6":{"name":"(anonymous_6)","decl":{"start":{"line":231,"column":22},"end":{"line":231,"column":23}},"loc":{"start":{"line":231,"column":34},"end":{"line":239,"column":1}},"line":231},"7":{"name":"(anonymous_7)","decl":{"start":{"line":244,"column":33},"end":{"line":244,"column":34}},"loc":{"start":{"line":244,"column":47},"end":{"line":246,"column":1}},"line":244},"8":{"name":"(anonymous_8)","decl":{"start":{"line":251,"column":30},"end":{"line":251,"column":31}},"loc":{"start":{"line":251,"column":36},"end":{"line":253,"column":1}},"line":251}},"branchMap":{"0":{"loc":{"start":{"line":22,"column":17},"end":{"line":22,"column":41}},"type":"binary-expr","locations":[{"start":{"line":22,"column":17},"end":{"line":22,"column":35}},{"start":{"line":22,"column":39},"end":{"line":22,"column":41}}],"line":22},"1":{"loc":{"start":{"line":23,"column":16},"end":{"line":23,"column":39}},"type":"binary-expr","locations":[{"start":{"line":23,"column":16},"end":{"line":23,"column":33}},{"start":{"line":23,"column":37},"end":{"line":23,"column":39}}],"line":23},"2":{"loc":{"start":{"line":24,"column":19},"end":{"line":24,"column":45}},"type":"binary-expr","locations":[{"start":{"line":24,"column":19},"end":{"line":24,"column":39}},{"start":{"line":24,"column":43},"end":{"line":24,"column":45}}],"line":24},"3":{"loc":{"start":{"line":25,"column":19},"end":{"line":25,"column":45}},"type":"binary-expr","locations":[{"start":{"line":25,"column":19},"end":{"line":25,"column":39}},{"start":{"line":25,"column":43},"end":{"line":25,"column":45}}],"line":25},"4":{"loc":{"start":{"line":26,"column":15},"end":{"line":26,"column":37}},"type":"binary-expr","locations":[{"start":{"line":26,"column":15},"end":{"line":26,"column":31}},{"start":{"line":26,"column":35},"end":{"line":26,"column":37}}],"line":26},"5":{"loc":{"start":{"line":27,"column":16},"end":{"line":27,"column":41}},"type":"binary-expr","locations":[{"start":{"line":27,"column":16},"end":{"line":27,"column":33}},{"start":{"line":27,"column":37},"end":{"line":27,"column":41}}],"line":27},"6":{"loc":{"start":{"line":28,"column":12},"end":{"line":28,"column":39}},"type":"binary-expr","locations":[{"start":{"line":28,"column":12},"end":{"line":28,"column":25}},{"start":{"line":28,"column":29},"end":{"line":28,"column":39}}],"line":28},"7":{"loc":{"start":{"line":29,"column":12},"end":{"line":29,"column":32}},"type":"binary-expr","locations":[{"start":{"line":29,"column":12},"end":{"line":29,"column":25}},{"start":{"line":29,"column":29},"end":{"line":29,"column":32}}],"line":29},"8":{"loc":{"start":{"line":30,"column":20},"end":{"line":30,"column":47}},"type":"binary-expr","locations":[{"start":{"line":30,"column":20},"end":{"line":30,"column":41}},{"start":{"line":30,"column":45},"end":{"line":30,"column":47}}],"line":30},"9":{"loc":{"start":{"line":39,"column":4},"end":{"line":45,"column":5}},"type":"if","locations":[{"start":{"line":39,"column":4},"end":{"line":45,"column":5}},{"start":{},"end":{}}],"line":39},"10":{"loc":{"start":{"line":39,"column":8},"end":{"line":39,"column":82}},"type":"binary-expr","locations":[{"start":{"line":39,"column":8},"end":{"line":39,"column":39}},{"start":{"line":39,"column":43},"end":{"line":39,"column":59}},{"start":{"line":39,"column":63},"end":{"line":39,"column":82}}],"line":39},"11":{"loc":{"start":{"line":62,"column":4},"end":{"line":66,"column":5}},"type":"if","locations":[{"start":{"line":62,"column":4},"end":{"line":66,"column":5}},{"start":{"line":64,"column":11},"end":{"line":66,"column":5}}],"line":62},"12":{"loc":{"start":{"line":98,"column":55},"end":{"line":98,"column":74}},"type":"default-arg","locations":[{"start":{"line":98,"column":72},"end":{"line":98,"column":74}}],"line":98},"13":{"loc":{"start":{"line":107,"column":19},"end":{"line":107,"column":73}},"type":"binary-expr","locations":[{"start":{"line":107,"column":19},"end":{"line":107,"column":45}},{"start":{"line":107,"column":49},"end":{"line":107,"column":73}}],"line":107},"14":{"loc":{"start":{"line":108,"column":17},"end":{"line":108,"column":47}},"type":"binary-expr","locations":[{"start":{"line":108,"column":17},"end":{"line":108,"column":41}},{"start":{"line":108,"column":45},"end":{"line":108,"column":47}}],"line":108},"15":{"loc":{"start":{"line":109,"column":16},"end":{"line":109,"column":45}},"type":"binary-expr","locations":[{"start":{"line":109,"column":16},"end":{"line":109,"column":39}},{"start":{"line":109,"column":43},"end":{"line":109,"column":45}}],"line":109},"16":{"loc":{"start":{"line":110,"column":19},"end":{"line":110,"column":51}},"type":"binary-expr","locations":[{"start":{"line":110,"column":19},"end":{"line":110,"column":45}},{"start":{"line":110,"column":49},"end":{"line":110,"column":51}}],"line":110},"17":{"loc":{"start":{"line":111,"column":15},"end":{"line":111,"column":43}},"type":"binary-expr","locations":[{"start":{"line":111,"column":15},"end":{"line":111,"column":37}},{"start":{"line":111,"column":41},"end":{"line":111,"column":43}}],"line":111},"18":{"loc":{"start":{"line":112,"column":16},"end":{"line":112,"column":47}},"type":"binary-expr","locations":[{"start":{"line":112,"column":16},"end":{"line":112,"column":39}},{"start":{"line":112,"column":43},"end":{"line":112,"column":47}}],"line":112},"19":{"loc":{"start":{"line":113,"column":12},"end":{"line":113,"column":45}},"type":"binary-expr","locations":[{"start":{"line":113,"column":12},"end":{"line":113,"column":31}},{"start":{"line":113,"column":35},"end":{"line":113,"column":45}}],"line":113},"20":{"loc":{"start":{"line":118,"column":4},"end":{"line":126,"column":5}},"type":"if","locations":[{"start":{"line":118,"column":4},"end":{"line":126,"column":5}},{"start":{"line":124,"column":11},"end":{"line":126,"column":5}}],"line":118},"21":{"loc":{"start":{"line":144,"column":4},"end":{"line":150,"column":5}},"type":"if","locations":[{"start":{"line":144,"column":4},"end":{"line":150,"column":5}},{"start":{},"end":{}}],"line":144},"22":{"loc":{"start":{"line":144,"column":8},"end":{"line":144,"column":41}},"type":"binary-expr","locations":[{"start":{"line":144,"column":8},"end":{"line":144,"column":24}},{"start":{"line":144,"column":28},"end":{"line":144,"column":41}}],"line":144},"23":{"loc":{"start":{"line":166,"column":39},"end":{"line":166,"column":66}},"type":"default-arg","locations":[{"start":{"line":166,"column":56},"end":{"line":166,"column":66}}],"line":166},"24":{"loc":{"start":{"line":174,"column":4},"end":{"line":202,"column":5}},"type":"if","locations":[{"start":{"line":174,"column":4},"end":{"line":202,"column":5}},{"start":{},"end":{}}],"line":174},"25":{"loc":{"start":{"line":175,"column":6},"end":{"line":178,"column":7}},"type":"if","locations":[{"start":{"line":175,"column":6},"end":{"line":178,"column":7}},{"start":{},"end":{}}],"line":175},"26":{"loc":{"start":{"line":183,"column":21},"end":{"line":183,"column":65}},"type":"binary-expr","locations":[{"start":{"line":183,"column":21},"end":{"line":183,"column":37}},{"start":{"line":183,"column":41},"end":{"line":183,"column":65}}],"line":183},"27":{"loc":{"start":{"line":184,"column":19},"end":{"line":184,"column":56}},"type":"binary-expr","locations":[{"start":{"line":184,"column":19},"end":{"line":184,"column":50}},{"start":{"line":184,"column":54},"end":{"line":184,"column":56}}],"line":184},"28":{"loc":{"start":{"line":185,"column":18},"end":{"line":185,"column":55}},"type":"binary-expr","locations":[{"start":{"line":185,"column":18},"end":{"line":185,"column":49}},{"start":{"line":185,"column":53},"end":{"line":185,"column":55}}],"line":185},"29":{"loc":{"start":{"line":186,"column":22},"end":{"line":186,"column":41}},"type":"binary-expr","locations":[{"start":{"line":186,"column":22},"end":{"line":186,"column":35}},{"start":{"line":186,"column":39},"end":{"line":186,"column":41}}],"line":186},"30":{"loc":{"start":{"line":187,"column":21},"end":{"line":187,"column":43}},"type":"binary-expr","locations":[{"start":{"line":187,"column":21},"end":{"line":187,"column":37}},{"start":{"line":187,"column":41},"end":{"line":187,"column":43}}],"line":187},"31":{"loc":{"start":{"line":192,"column":6},"end":{"line":195,"column":7}},"type":"if","locations":[{"start":{"line":192,"column":6},"end":{"line":195,"column":7}},{"start":{},"end":{}}],"line":192},"32":{"loc":{"start":{"line":192,"column":10},"end":{"line":192,"column":49}},"type":"binary-expr","locations":[{"start":{"line":192,"column":10},"end":{"line":192,"column":29}},{"start":{"line":192,"column":33},"end":{"line":192,"column":49}}],"line":192},"33":{"loc":{"start":{"line":194,"column":40},"end":{"line":194,"column":87}},"type":"binary-expr","locations":[{"start":{"line":194,"column":40},"end":{"line":194,"column":56}},{"start":{"line":194,"column":60},"end":{"line":194,"column":87}}],"line":194},"34":{"loc":{"start":{"line":214,"column":4},"end":{"line":216,"column":5}},"type":"if","locations":[{"start":{"line":214,"column":4},"end":{"line":216,"column":5}},{"start":{},"end":{}}],"line":214},"35":{"loc":{"start":{"line":217,"column":4},"end":{"line":219,"column":5}},"type":"if","locations":[{"start":{"line":217,"column":4},"end":{"line":219,"column":5}},{"start":{},"end":{}}],"line":217},"36":{"loc":{"start":{"line":220,"column":4},"end":{"line":222,"column":5}},"type":"if","locations":[{"start":{"line":220,"column":4},"end":{"line":222,"column":5}},{"start":{},"end":{}}],"line":220}},"s":{"0":0,"1":0,"2":0,"3":0,"4":0,"5":0,"6":0,"7":0,"8":0,"9":0,"10":0,"11":0,"12":0,"13":0,"14":0,"15":0,"16":0,"17":0,"18":0,"19":0,"20":0,"21":0,"22":0,"23":0,"24":0,"25":0,"26":0,"27":0,"28":0,"29":0,"30":0,"31":0,"32":0,"33":0,"34":0,"35":0,"36":0,"37":0,"38":0,"39":0,"40":0,"41":0,"42":0,"43":0,"44":0,"45":0,"46":0,"47":0,"48":0,"49":0,"50":0,"51":0,"52":0,"53":0,"54":0,"55":0,"56":0,"57":0,"58":0,"59":0,"60":0,"61":0,"62":0,"63":0,"64":0,"65":0,"66":0,"67":0,"68":0,"69":0,"70":0,"71":0,"72":0,"73":0,"74":0,"75":0,"76":0,"77":0,"78":0,"79":0,"80":0,"81":0,"82":0},"f":{"0":0,"1":0,"2":0,"3":0,"4":0,"5":0,"6":0,"7":0,"8":0},"b":{"0":[0,0],"1":[0,0],"2":[0,0],"3":[0,0],"4":[0,0],"5":[0,0],"6":[0,0],"7":[0,0],"8":[0,0],"9":[0,0],"10":[0,0,0],"11":[0,0],"12":[0],"13":[0,0],"14":[0,0],"15":[0,0],"16":[0,0],"17":[0,0],"18":[0,0],"19":[0,0],"20":[0,0],"21":[0,0],"22":[0,0],"23":[0],"24":[0,0],"25":[0,0],"26":[0,0],"27":[0,0],"28":[0,0],"29":[0,0],"30":[0,0],"31":[0,0],"32":[0,0],"33":[0,0],"34":[0,0],"35":[0,0],"36":[0,0]}}
,"C:\\Users\\LKsnj\\Desktop\\MY_PROJECTS\\Wastemanegement system\\New folder (2)\\WasteWise\\services\\binService.js": {"path":"C:\\Users\\LKsnj\\Desktop\\MY_PROJECTS\\Wastemanegement system\\New folder (2)\\WasteWise\\services\\binService.js","statementMap":{"0":{"start":{"line":20,"column":30},"end":{"line":63,"column":1}},"1":{"start":{"line":69,"column":37},"end":{"line":77,"column":1}},"2":{"start":{"line":84,"column":29},"end":{"line":87,"column":1}},"3":{"start":{"line":85,"column":23},"end":{"line":85,"column":69}},"4":{"start":{"line":86,"column":2},"end":{"line":86,"column":61}},"5":{"start":{"line":94,"column":25},"end":{"line":135,"column":1}},"6":{"start":{"line":95,"column":2},"end":{"line":134,"column":3}},"7":{"start":{"line":96,"column":56},"end":{"line":96,"column":63}},"8":{"start":{"line":99,"column":25},"end":{"line":99,"column":70}},"9":{"start":{"line":100,"column":18},"end":{"line":100,"column":70}},"10":{"start":{"line":102,"column":19},"end":{"line":114,"column":5}},"11":{"start":{"line":116,"column":19},"end":{"line":116,"column":63}},"12":{"start":{"line":118,"column":4},"end":{"line":127,"column":6}},"13":{"start":{"line":129,"column":4},"end":{"line":129,"column":48}},"14":{"start":{"line":130,"column":4},"end":{"line":133,"column":6}},"15":{"start":{"line":142,"column":27},"end":{"line":164,"column":1}},"16":{"start":{"line":143,"column":2},"end":{"line":163,"column":3}},"17":{"start":{"line":144,"column":14},"end":{"line":148,"column":5}},"18":{"start":{"line":150,"column":21},"end":{"line":150,"column":37}},"19":{"start":{"line":151,"column":17},"end":{"line":151,"column":19}},"20":{"start":{"line":152,"column":4},"end":{"line":157,"column":7}},"21":{"start":{"line":153,"column":6},"end":{"line":156,"column":9}},"22":{"start":{"line":159,"column":4},"end":{"line":159,"column":16}},"23":{"start":{"line":161,"column":4},"end":{"line":161,"column":53}},"24":{"start":{"line":162,"column":4},"end":{"line":162,"column":14}},"25":{"start":{"line":172,"column":37},"end":{"line":194,"column":1}},"26":{"start":{"line":173,"column":2},"end":{"line":193,"column":3}},"27":{"start":{"line":174,"column":14},"end":{"line":178,"column":5}},"28":{"start":{"line":180,"column":21},"end":{"line":180,"column":37}},"29":{"start":{"line":181,"column":17},"end":{"line":181,"column":19}},"30":{"start":{"line":182,"column":4},"end":{"line":187,"column":7}},"31":{"start":{"line":183,"column":6},"end":{"line":186,"column":9}},"32":{"start":{"line":189,"column":4},"end":{"line":189,"column":16}},"33":{"start":{"line":191,"column":4},"end":{"line":191,"column":65}},"34":{"start":{"line":192,"column":4},"end":{"line":192,"column":14}},"35":{"start":{"line":202,"column":35},"end":{"line":219,"column":1}},"36":{"start":{"line":203,"column":12},"end":{"line":207,"column":3}},"37":{"start":{"line":209,"column":2},"end":{"line":218,"column":5}},"38":{"start":{"line":210,"column":17},"end":{"line":210,"column":19}},"39":{"start":{"line":211,"column":4},"end":{"line":216,"column":7}},"40":{"start":{"line":212,"column":6},"end":{"line":215,"column":9}},"41":{"start":{"line":217,"column":4},"end":{"line":217,"column":19}},"42":{"start":{"line":226,"column":26},"end":{"line":242,"column":1}},"43":{"start":{"line":227,"column":2},"end":{"line":241,"column":3}},"44":{"start":{"line":228,"column":19},"end":{"line":228,"column":55}},"45":{"start":{"line":230,"column":4},"end":{"line":237,"column":5}},"46":{"start":{"line":231,"column":6},"end":{"line":234,"column":8}},"47":{"start":{"line":236,"column":6},"end":{"line":236,"column":18}},"48":{"start":{"line":239,"column":4},"end":{"line":239,"column":47}},"49":{"start":{"line":240,"column":4},"end":{"line":240,"column":16}},"50":{"start":{"line":249,"column":28},"end":{"line":271,"column":1}},"51":{"start":{"line":250,"column":2},"end":{"line":270,"column":3}},"52":{"start":{"line":251,"column":14},"end":{"line":254,"column":5}},"53":{"start":{"line":256,"column":21},"end":{"line":256,"column":37}},"54":{"start":{"line":258,"column":4},"end":{"line":266,"column":5}},"55":{"start":{"line":259,"column":21},"end":{"line":259,"column":37}},"56":{"start":{"line":260,"column":6},"end":{"line":263,"column":8}},"57":{"start":{"line":265,"column":6},"end":{"line":265,"column":18}},"58":{"start":{"line":268,"column":4},"end":{"line":268,"column":55}},"59":{"start":{"line":269,"column":4},"end":{"line":269,"column":16}},"60":{"start":{"line":279,"column":25},"end":{"line":296,"column":1}},"61":{"start":{"line":280,"column":2},"end":{"line":295,"column":3}},"62":{"start":{"line":281,"column":19},"end":{"line":281,"column":41}},"63":{"start":{"line":283,"column":4},"end":{"line":286,"column":7}},"64":{"start":{"line":288,"column":4},"end":{"line":291,"column":6}},"65":{"start":{"line":293,"column":4},"end":{"line":293,"column":48}},"66":{"start":{"line":294,"column":4},"end":{"line":294,"column":16}},"67":{"start":{"line":304,"column":31},"end":{"line":349,"column":1}},"68":{"start":{"line":305,"column":2},"end":{"line":348,"column":3}},"69":{"start":{"line":306,"column":4},"end":{"line":306,"column":67}},"70":{"start":{"line":308,"column":19},"end":{"line":308,"column":41}},"71":{"start":{"line":310,"column":4},"end":{"line":313,"column":7}},"72":{"start":{"line":315,"column":4},"end":{"line":315,"column":52}},"73":{"start":{"line":317,"column":25},"end":{"line":317,"column":52}},"74":{"start":{"line":320,"column":4},"end":{"line":333,"column":5}},"75":{"start":{"line":321,"column":6},"end":{"line":321,"column":64}},"76":{"start":{"line":322,"column":18},"end":{"line":322,"column":41}},"77":{"start":{"line":323,"column":6},"end":{"line":325,"column":7}},"78":{"start":{"line":324,"column":8},"end":{"line":324,"column":60}},"79":{"start":{"line":328,"column":6},"end":{"line":328,"column":71}},"80":{"start":{"line":329,"column":18},"end":{"line":329,"column":41}},"81":{"start":{"line":330,"column":6},"end":{"line":332,"column":7}},"82":{"start":{"line":331,"column":8},"end":{"line":331,"column":65}},"83":{"start":{"line":335,"column":4},"end":{"line":335,"column":61}},"84":{"start":{"line":337,"column":4},"end":{"line":341,"column":6}},"85":{"start":{"line":343,"column":4},"end":{"line":343,"column":57}},"86":{"start":{"line":344,"column":4},"end":{"line":347,"column":6}},"87":{"start":{"line":356,"column":39},"end":{"line":457,"column":1}},"88":{"start":{"line":357,"column":2},"end":{"line":456,"column":3}},"89":{"start":{"line":358,"column":4},"end":{"line":358,"column":62}},"90":{"start":{"line":361,"column":20},"end":{"line":361,"column":62}},"91":{"start":{"line":362,"column":4},"end":{"line":365,"column":5}},"92":{"start":{"line":363,"column":6},"end":{"line":363,"column":52}},"93":{"start":{"line":364,"column":6},"end":{"line":364,"column":57}},"94":{"start":{"line":367,"column":21},"end":{"line":367,"column":35}},"95":{"start":{"line":368,"column":21},"end":{"line":368,"column":34}},"96":{"start":{"line":369,"column":24},"end":{"line":369,"column":66}},"97":{"start":{"line":370,"column":21},"end":{"line":370,"column":77}},"98":{"start":{"line":372,"column":4},"end":{"line":375,"column":5}},"99":{"start":{"line":373,"column":6},"end":{"line":373,"column":50}},"100":{"start":{"line":374,"column":6},"end":{"line":374,"column":62}},"101":{"start":{"line":378,"column":22},"end":{"line":378,"column":73}},"102":{"start":{"line":381,"column":18},"end":{"line":381,"column":33}},"103":{"start":{"line":382,"column":27},"end":{"line":387,"column":5}},"104":{"start":{"line":389,"column":30},"end":{"line":389,"column":59}},"105":{"start":{"line":391,"column":4},"end":{"line":394,"column":5}},"106":{"start":{"line":392,"column":6},"end":{"line":392,"column":70}},"107":{"start":{"line":393,"column":6},"end":{"line":393,"column":88}},"108":{"start":{"line":397,"column":30},"end":{"line":401,"column":6}},"109":{"start":{"line":398,"column":27},"end":{"line":398,"column":45}},"110":{"start":{"line":399,"column":25},"end":{"line":399,"column":54}},"111":{"start":{"line":400,"column":6},"end":{"line":400,"column":44}},"112":{"start":{"line":403,"column":4},"end":{"line":406,"column":5}},"113":{"start":{"line":404,"column":6},"end":{"line":404,"column":88}},"114":{"start":{"line":405,"column":6},"end":{"line":405,"column":103}},"115":{"start":{"line":408,"column":4},"end":{"line":408,"column":74}},"116":{"start":{"line":411,"column":25},"end":{"line":441,"column":6}},"117":{"start":{"line":413,"column":33},"end":{"line":416,"column":7}},"118":{"start":{"line":418,"column":28},"end":{"line":418,"column":61}},"119":{"start":{"line":420,"column":6},"end":{"line":423,"column":7}},"120":{"start":{"line":421,"column":8},"end":{"line":421,"column":85}},"121":{"start":{"line":422,"column":8},"end":{"line":422,"column":20}},"122":{"start":{"line":426,"column":6},"end":{"line":440,"column":9}},"123":{"start":{"line":443,"column":20},"end":{"line":443,"column":51}},"124":{"start":{"line":444,"column":25},"end":{"line":444,"column":63}},"125":{"start":{"line":444,"column":45},"end":{"line":444,"column":55}},"126":{"start":{"line":446,"column":4},"end":{"line":446,"column":71}},"127":{"start":{"line":448,"column":4},"end":{"line":452,"column":6}},"128":{"start":{"line":454,"column":4},"end":{"line":454,"column":68}},"129":{"start":{"line":455,"column":4},"end":{"line":455,"column":52}},"130":{"start":{"line":464,"column":44},"end":{"line":532,"column":1}},"131":{"start":{"line":465,"column":2},"end":{"line":531,"column":3}},"132":{"start":{"line":466,"column":4},"end":{"line":466,"column":68}},"133":{"start":{"line":469,"column":18},"end":{"line":469,"column":33}},"134":{"start":{"line":470,"column":27},"end":{"line":474,"column":5}},"135":{"start":{"line":476,"column":30},"end":{"line":476,"column":59}},"136":{"start":{"line":478,"column":4},"end":{"line":480,"column":5}},"137":{"start":{"line":479,"column":6},"end":{"line":479,"column":41}},"138":{"start":{"line":482,"column":23},"end":{"line":482,"column":24}},"139":{"start":{"line":485,"column":4},"end":{"line":512,"column":5}},"140":{"start":{"line":486,"column":6},"end":{"line":511,"column":7}},"141":{"start":{"line":487,"column":27},"end":{"line":491,"column":9}},"142":{"start":{"line":493,"column":30},"end":{"line":493,"column":55}},"143":{"start":{"line":495,"column":8},"end":{"line":507,"column":9}},"144":{"start":{"line":496,"column":10},"end":{"line":506,"column":11}},"145":{"start":{"line":497,"column":12},"end":{"line":501,"column":15}},"146":{"start":{"line":502,"column":12},"end":{"line":502,"column":27}},"147":{"start":{"line":505,"column":12},"end":{"line":505,"column":103}},"148":{"start":{"line":510,"column":8},"end":{"line":510,"column":98}},"149":{"start":{"line":514,"column":4},"end":{"line":514,"column":83}},"150":{"start":{"line":516,"column":4},"end":{"line":522,"column":6}},"151":{"start":{"line":524,"column":4},"end":{"line":524,"column":72}},"152":{"start":{"line":526,"column":4},"end":{"line":530,"column":6}},"153":{"start":{"line":540,"column":29},"end":{"line":585,"column":1}},"154":{"start":{"line":541,"column":2},"end":{"line":584,"column":3}},"155":{"start":{"line":542,"column":16},"end":{"line":542,"column":43}},"156":{"start":{"line":544,"column":4},"end":{"line":549,"column":5}},"157":{"start":{"line":545,"column":6},"end":{"line":548,"column":8}},"158":{"start":{"line":551,"column":19},"end":{"line":551,"column":42}},"159":{"start":{"line":553,"column":4},"end":{"line":557,"column":7}},"160":{"start":{"line":560,"column":4},"end":{"line":571,"column":5}},"161":{"start":{"line":561,"column":6},"end":{"line":570,"column":9}},"162":{"start":{"line":573,"column":4},"end":{"line":577,"column":6}},"163":{"start":{"line":579,"column":4},"end":{"line":579,"column":54}},"164":{"start":{"line":580,"column":4},"end":{"line":583,"column":6}},"165":{"start":{"line":592,"column":31},"end":{"line":620,"column":1}},"166":{"start":{"line":593,"column":2},"end":{"line":619,"column":3}},"167":{"start":{"line":594,"column":17},"end":{"line":594,"column":42}},"168":{"start":{"line":596,"column":18},"end":{"line":602,"column":5}},"169":{"start":{"line":598,"column":31},"end":{"line":598,"column":41}},"170":{"start":{"line":599,"column":33},"end":{"line":599,"column":44}},"171":{"start":{"line":601,"column":42},"end":{"line":601,"column":66}},"172":{"start":{"line":605,"column":4},"end":{"line":607,"column":7}},"173":{"start":{"line":606,"column":6},"end":{"line":606,"column":84}},"174":{"start":{"line":606,"column":52},"end":{"line":606,"column":75}},"175":{"start":{"line":609,"column":4},"end":{"line":609,"column":17}},"176":{"start":{"line":611,"column":4},"end":{"line":611,"column":53}},"177":{"start":{"line":612,"column":4},"end":{"line":618,"column":6}},"178":{"start":{"line":627,"column":30},"end":{"line":635,"column":1}},"179":{"start":{"line":628,"column":2},"end":{"line":634,"column":3}},"180":{"start":{"line":629,"column":16},"end":{"line":629,"column":43}},"181":{"start":{"line":630,"column":4},"end":{"line":630,"column":24}},"182":{"start":{"line":632,"column":4},"end":{"line":632,"column":58}},"183":{"start":{"line":633,"column":4},"end":{"line":633,"column":17}},"184":{"start":{"line":642,"column":31},"end":{"line":662,"column":1}},"185":{"start":{"line":643,"column":2},"end":{"line":661,"column":3}},"186":{"start":{"line":645,"column":16},"end":{"line":645,"column":39}},"187":{"start":{"line":646,"column":4},"end":{"line":648,"column":5}},"188":{"start":{"line":647,"column":6},"end":{"line":647,"column":18}},"189":{"start":{"line":651,"column":21},"end":{"line":651,"column":63}},"190":{"start":{"line":652,"column":18},"end":{"line":652,"column":84}},"191":{"start":{"line":654,"column":4},"end":{"line":657,"column":6}},"192":{"start":{"line":659,"column":4},"end":{"line":659,"column":58}},"193":{"start":{"line":660,"column":4},"end":{"line":660,"column":16}},"194":{"start":{"line":669,"column":36},"end":{"line":682,"column":1}},"195":{"start":{"line":670,"column":2},"end":{"line":670,"column":56}},"196":{"start":{"line":670,"column":43},"end":{"line":670,"column":56}},"197":{"start":{"line":674,"column":20},"end":{"line":674,"column":32}},"198":{"start":{"line":677,"column":2},"end":{"line":677,"column":67}},"199":{"start":{"line":677,"column":54},"end":{"line":677,"column":67}},"200":{"start":{"line":680,"column":23},"end":{"line":680,"column":39}},"201":{"start":{"line":681,"column":2},"end":{"line":681,"column":38}}},"fnMap":{"0":{"name":"(anonymous_0)","decl":{"start":{"line":84,"column":29},"end":{"line":84,"column":30}},"loc":{"start":{"line":84,"column":74},"end":{"line":87,"column":1}},"line":84},"1":{"name":"(anonymous_1)","decl":{"start":{"line":94,"column":25},"end":{"line":94,"column":26}},"loc":{"start":{"line":94,"column":44},"end":{"line":135,"column":1}},"line":94},"2":{"name":"(anonymous_2)","decl":{"start":{"line":142,"column":27},"end":{"line":142,"column":28}},"loc":{"start":{"line":142,"column":45},"end":{"line":164,"column":1}},"line":142},"3":{"name":"(anonymous_3)","decl":{"start":{"line":152,"column":21},"end":{"line":152,"column":22}},"loc":{"start":{"line":152,"column":30},"end":{"line":157,"column":5}},"line":152},"4":{"name":"(anonymous_4)","decl":{"start":{"line":172,"column":37},"end":{"line":172,"column":38}},"loc":{"start":{"line":172,"column":65},"end":{"line":194,"column":1}},"line":172},"5":{"name":"(anonymous_5)","decl":{"start":{"line":182,"column":21},"end":{"line":182,"column":22}},"loc":{"start":{"line":182,"column":30},"end":{"line":187,"column":5}},"line":182},"6":{"name":"(anonymous_6)","decl":{"start":{"line":202,"column":35},"end":{"line":202,"column":36}},"loc":{"start":{"line":202,"column":57},"end":{"line":219,"column":1}},"line":202},"7":{"name":"(anonymous_7)","decl":{"start":{"line":209,"column":23},"end":{"line":209,"column":24}},"loc":{"start":{"line":209,"column":37},"end":{"line":218,"column":3}},"line":209},"8":{"name":"(anonymous_8)","decl":{"start":{"line":211,"column":21},"end":{"line":211,"column":22}},"loc":{"start":{"line":211,"column":30},"end":{"line":216,"column":5}},"line":211},"9":{"name":"(anonymous_9)","decl":{"start":{"line":226,"column":26},"end":{"line":226,"column":27}},"loc":{"start":{"line":226,"column":43},"end":{"line":242,"column":1}},"line":226},"10":{"name":"(anonymous_10)","decl":{"start":{"line":249,"column":28},"end":{"line":249,"column":29}},"loc":{"start":{"line":249,"column":47},"end":{"line":271,"column":1}},"line":249},"11":{"name":"(anonymous_11)","decl":{"start":{"line":279,"column":25},"end":{"line":279,"column":26}},"loc":{"start":{"line":279,"column":51},"end":{"line":296,"column":1}},"line":279},"12":{"name":"(anonymous_12)","decl":{"start":{"line":304,"column":31},"end":{"line":304,"column":32}},"loc":{"start":{"line":304,"column":58},"end":{"line":349,"column":1}},"line":304},"13":{"name":"(anonymous_13)","decl":{"start":{"line":356,"column":39},"end":{"line":356,"column":40}},"loc":{"start":{"line":356,"column":54},"end":{"line":457,"column":1}},"line":356},"14":{"name":"(anonymous_14)","decl":{"start":{"line":397,"column":60},"end":{"line":397,"column":61}},"loc":{"start":{"line":397,"column":75},"end":{"line":401,"column":5}},"line":397},"15":{"name":"(anonymous_15)","decl":{"start":{"line":411,"column":47},"end":{"line":411,"column":48}},"loc":{"start":{"line":411,"column":70},"end":{"line":441,"column":5}},"line":411},"16":{"name":"(anonymous_16)","decl":{"start":{"line":444,"column":40},"end":{"line":444,"column":41}},"loc":{"start":{"line":444,"column":45},"end":{"line":444,"column":55}},"line":444},"17":{"name":"(anonymous_17)","decl":{"start":{"line":464,"column":44},"end":{"line":464,"column":45}},"loc":{"start":{"line":464,"column":59},"end":{"line":532,"column":1}},"line":464},"18":{"name":"(anonymous_18)","decl":{"start":{"line":540,"column":29},"end":{"line":540,"column":30}},"loc":{"start":{"line":540,"column":63},"end":{"line":585,"column":1}},"line":540},"19":{"name":"(anonymous_19)","decl":{"start":{"line":592,"column":31},"end":{"line":592,"column":32}},"loc":{"start":{"line":592,"column":49},"end":{"line":620,"column":1}},"line":592},"20":{"name":"(anonymous_20)","decl":{"start":{"line":598,"column":26},"end":{"line":598,"column":27}},"loc":{"start":{"line":598,"column":31},"end":{"line":598,"column":41}},"line":598},"21":{"name":"(anonymous_21)","decl":{"start":{"line":599,"column":28},"end":{"line":599,"column":29}},"loc":{"start":{"line":599,"column":33},"end":{"line":599,"column":44}},"line":599},"22":{"name":"(anonymous_22)","decl":{"start":{"line":601,"column":30},"end":{"line":601,"column":31}},"loc":{"start":{"line":601,"column":42},"end":{"line":601,"column":66}},"line":601},"23":{"name":"(anonymous_23)","decl":{"start":{"line":605,"column":40},"end":{"line":605,"column":41}},"loc":{"start":{"line":605,"column":52},"end":{"line":607,"column":5}},"line":605},"24":{"name":"(anonymous_24)","decl":{"start":{"line":606,"column":47},"end":{"line":606,"column":48}},"loc":{"start":{"line":606,"column":52},"end":{"line":606,"column":75}},"line":606},"25":{"name":"(anonymous_25)","decl":{"start":{"line":627,"column":30},"end":{"line":627,"column":31}},"loc":{"start":{"line":627,"column":49},"end":{"line":635,"column":1}},"line":627},"26":{"name":"(anonymous_26)","decl":{"start":{"line":642,"column":31},"end":{"line":642,"column":32}},"loc":{"start":{"line":642,"column":48},"end":{"line":662,"column":1}},"line":642},"27":{"name":"(anonymous_27)","decl":{"start":{"line":669,"column":36},"end":{"line":669,"column":37}},"loc":{"start":{"line":669,"column":47},"end":{"line":682,"column":1}},"line":669}},"branchMap":{"0":{"loc":{"start":{"line":84,"column":48},"end":{"line":84,"column":69}},"type":"default-arg","locations":[{"start":{"line":84,"column":68},"end":{"line":84,"column":69}}],"line":84},"1":{"loc":{"start":{"line":106,"column":19},"end":{"line":106,"column":36}},"type":"binary-expr","locations":[{"start":{"line":106,"column":19},"end":{"line":106,"column":30}},{"start":{"line":106,"column":34},"end":{"line":106,"column":36}}],"line":106},"2":{"loc":{"start":{"line":107,"column":16},"end":{"line":107,"column":30}},"type":"binary-expr","locations":[{"start":{"line":107,"column":16},"end":{"line":107,"column":24}},{"start":{"line":107,"column":28},"end":{"line":107,"column":30}}],"line":107},"3":{"loc":{"start":{"line":230,"column":4},"end":{"line":237,"column":5}},"type":"if","locations":[{"start":{"line":230,"column":4},"end":{"line":237,"column":5}},{"start":{"line":235,"column":11},"end":{"line":237,"column":5}}],"line":230},"4":{"loc":{"start":{"line":258,"column":4},"end":{"line":266,"column":5}},"type":"if","locations":[{"start":{"line":258,"column":4},"end":{"line":266,"column":5}},{"start":{"line":264,"column":11},"end":{"line":266,"column":5}}],"line":258},"5":{"loc":{"start":{"line":320,"column":4},"end":{"line":333,"column":5}},"type":"if","locations":[{"start":{"line":320,"column":4},"end":{"line":333,"column":5}},{"start":{"line":326,"column":11},"end":{"line":333,"column":5}}],"line":320},"6":{"loc":{"start":{"line":323,"column":6},"end":{"line":325,"column":7}},"type":"if","locations":[{"start":{"line":323,"column":6},"end":{"line":325,"column":7}},{"start":{},"end":{}}],"line":323},"7":{"loc":{"start":{"line":330,"column":6},"end":{"line":332,"column":7}},"type":"if","locations":[{"start":{"line":330,"column":6},"end":{"line":332,"column":7}},{"start":{},"end":{}}],"line":330},"8":{"loc":{"start":{"line":339,"column":15},"end":{"line":339,"column":87}},"type":"cond-expr","locations":[{"start":{"line":339,"column":26},"end":{"line":339,"column":54}},{"start":{"line":339,"column":57},"end":{"line":339,"column":87}}],"line":339},"9":{"loc":{"start":{"line":340,"column":13},"end":{"line":340,"column":38}},"type":"binary-expr","locations":[{"start":{"line":340,"column":13},"end":{"line":340,"column":33}},{"start":{"line":340,"column":37},"end":{"line":340,"column":38}}],"line":340},"10":{"loc":{"start":{"line":346,"column":13},"end":{"line":346,"column":59}},"type":"binary-expr","locations":[{"start":{"line":346,"column":13},"end":{"line":346,"column":26}},{"start":{"line":346,"column":30},"end":{"line":346,"column":59}}],"line":346},"11":{"loc":{"start":{"line":362,"column":4},"end":{"line":365,"column":5}},"type":"if","locations":[{"start":{"line":362,"column":4},"end":{"line":365,"column":5}},{"start":{},"end":{}}],"line":362},"12":{"loc":{"start":{"line":369,"column":24},"end":{"line":369,"column":66}},"type":"binary-expr","locations":[{"start":{"line":369,"column":24},"end":{"line":369,"column":40}},{"start":{"line":369,"column":44},"end":{"line":369,"column":66}}],"line":369},"13":{"loc":{"start":{"line":370,"column":21},"end":{"line":370,"column":77}},"type":"binary-expr","locations":[{"start":{"line":370,"column":21},"end":{"line":370,"column":41}},{"start":{"line":370,"column":45},"end":{"line":370,"column":63}},{"start":{"line":370,"column":67},"end":{"line":370,"column":77}}],"line":370},"14":{"loc":{"start":{"line":372,"column":4},"end":{"line":375,"column":5}},"type":"if","locations":[{"start":{"line":372,"column":4},"end":{"line":375,"column":5}},{"start":{},"end":{}}],"line":372},"15":{"loc":{"start":{"line":378,"column":22},"end":{"line":378,"column":73}},"type":"binary-expr","locations":[{"start":{"line":378,"column":22},"end":{"line":378,"column":57}},{"start":{"line":378,"column":61},"end":{"line":378,"column":73}}],"line":378},"16":{"loc":{"start":{"line":391,"column":4},"end":{"line":394,"column":5}},"type":"if","locations":[{"start":{"line":391,"column":4},"end":{"line":394,"column":5}},{"start":{},"end":{}}],"line":391},"17":{"loc":{"start":{"line":399,"column":25},"end":{"line":399,"column":54}},"type":"binary-expr","locations":[{"start":{"line":399,"column":25},"end":{"line":399,"column":48}},{"start":{"line":399,"column":52},"end":{"line":399,"column":54}}],"line":399},"18":{"loc":{"start":{"line":403,"column":4},"end":{"line":406,"column":5}},"type":"if","locations":[{"start":{"line":403,"column":4},"end":{"line":406,"column":5}},{"start":{},"end":{}}],"line":403},"19":{"loc":{"start":{"line":420,"column":6},"end":{"line":423,"column":7}},"type":"if","locations":[{"start":{"line":420,"column":6},"end":{"line":423,"column":7}},{"start":{},"end":{}}],"line":420},"20":{"loc":{"start":{"line":437,"column":34},"end":{"line":437,"column":85}},"type":"binary-expr","locations":[{"start":{"line":437,"column":34},"end":{"line":437,"column":69}},{"start":{"line":437,"column":73},"end":{"line":437,"column":85}}],"line":437},"21":{"loc":{"start":{"line":478,"column":4},"end":{"line":480,"column":5}},"type":"if","locations":[{"start":{"line":478,"column":4},"end":{"line":480,"column":5}},{"start":{},"end":{}}],"line":478},"22":{"loc":{"start":{"line":519,"column":15},"end":{"line":521,"column":53}},"type":"cond-expr","locations":[{"start":{"line":520,"column":10},"end":{"line":520,"column":59}},{"start":{"line":521,"column":10},"end":{"line":521,"column":53}}],"line":519},"23":{"loc":{"start":{"line":540,"column":45},"end":{"line":540,"column":58}},"type":"default-arg","locations":[{"start":{"line":540,"column":56},"end":{"line":540,"column":58}}],"line":540},"24":{"loc":{"start":{"line":544,"column":4},"end":{"line":549,"column":5}},"type":"if","locations":[{"start":{"line":544,"column":4},"end":{"line":549,"column":5}},{"start":{},"end":{}}],"line":544},"25":{"loc":{"start":{"line":555,"column":18},"end":{"line":555,"column":36}},"type":"binary-expr","locations":[{"start":{"line":555,"column":18},"end":{"line":555,"column":31}},{"start":{"line":555,"column":35},"end":{"line":555,"column":36}}],"line":555},"26":{"loc":{"start":{"line":560,"column":4},"end":{"line":571,"column":5}},"type":"if","locations":[{"start":{"line":560,"column":4},"end":{"line":571,"column":5}},{"start":{},"end":{}}],"line":560},"27":{"loc":{"start":{"line":567,"column":19},"end":{"line":567,"column":45}},"type":"binary-expr","locations":[{"start":{"line":567,"column":19},"end":{"line":567,"column":37}},{"start":{"line":567,"column":41},"end":{"line":567,"column":45}}],"line":567},"28":{"loc":{"start":{"line":568,"column":18},"end":{"line":568,"column":43}},"type":"binary-expr","locations":[{"start":{"line":568,"column":18},"end":{"line":568,"column":35}},{"start":{"line":568,"column":39},"end":{"line":568,"column":43}}],"line":568},"29":{"loc":{"start":{"line":569,"column":15},"end":{"line":569,"column":35}},"type":"binary-expr","locations":[{"start":{"line":569,"column":15},"end":{"line":569,"column":29}},{"start":{"line":569,"column":33},"end":{"line":569,"column":35}}],"line":569},"30":{"loc":{"start":{"line":601,"column":49},"end":{"line":601,"column":65}},"type":"binary-expr","locations":[{"start":{"line":601,"column":49},"end":{"line":601,"column":60}},{"start":{"line":601,"column":64},"end":{"line":601,"column":65}}],"line":601},"31":{"loc":{"start":{"line":646,"column":4},"end":{"line":648,"column":5}},"type":"if","locations":[{"start":{"line":646,"column":4},"end":{"line":648,"column":5}},{"start":{},"end":{}}],"line":646},"32":{"loc":{"start":{"line":652,"column":18},"end":{"line":652,"column":84}},"type":"cond-expr","locations":[{"start":{"line":652,"column":38},"end":{"line":652,"column":77}},{"start":{"line":652,"column":80},"end":{"line":652,"column":84}}],"line":652},"33":{"loc":{"start":{"line":670,"column":2},"end":{"line":670,"column":56}},"type":"if","locations":[{"start":{"line":670,"column":2},"end":{"line":670,"column":56}},{"start":{},"end":{}}],"line":670},"34":{"loc":{"start":{"line":670,"column":6},"end":{"line":670,"column":41}},"type":"binary-expr","locations":[{"start":{"line":670,"column":6},"end":{"line":670,"column":12}},{"start":{"line":670,"column":16},"end":{"line":670,"column":41}}],"line":670},"35":{"loc":{"start":{"line":677,"column":2},"end":{"line":677,"column":67}},"type":"if","locations":[{"start":{"line":677,"column":2},"end":{"line":677,"column":67}},{"start":{},"end":{}}],"line":677},"36":{"loc":{"start":{"line":677,"column":6},"end":{"line":677,"column":52}},"type":"binary-expr","locations":[{"start":{"line":677,"column":6},"end":{"line":677,"column":27}},{"start":{"line":677,"column":31},"end":{"line":677,"column":52}}],"line":677}},"s":{"0":1,"1":1,"2":1,"3":18,"4":18,"5":1,"6":0,"7":0,"8":0,"9":0,"10":0,"11":0,"12":0,"13":0,"14":0,"15":1,"16":0,"17":0,"18":0,"19":0,"20":0,"21":0,"22":0,"23":0,"24":0,"25":1,"26":0,"27":0,"28":0,"29":0,"30":0,"31":0,"32":0,"33":0,"34":0,"35":1,"36":0,"37":0,"38":0,"39":0,"40":0,"41":0,"42":1,"43":0,"44":0,"45":0,"46":0,"47":0,"48":0,"49":0,"50":1,"51":0,"52":0,"53":0,"54":0,"55":0,"56":0,"57":0,"58":0,"59":0,"60":1,"61":0,"62":0,"63":0,"64":0,"65":0,"66":0,"67":1,"68":0,"69":0,"70":0,"71":0,"72":0,"73":0,"74":0,"75":0,"76":0,"77":0,"78":0,"79":0,"80":0,"81":0,"82":0,"83":0,"84":0,"85":0,"86":0,"87":1,"88":0,"89":0,"90":0,"91":0,"92":0,"93":0,"94":0,"95":0,"96":0,"97":0,"98":0,"99":0,"100":0,"101":0,"102":0,"103":0,"104":0,"105":0,"106":0,"107":0,"108":0,"109":0,"110":0,"111":0,"112":0,"113":0,"114":0,"115":0,"116":0,"117":0,"118":0,"119":0,"120":0,"121":0,"122":0,"123":0,"124":0,"125":0,"126":0,"127":0,"128":0,"129":0,"130":1,"131":0,"132":0,"133":0,"134":0,"135":0,"136":0,"137":0,"138":0,"139":0,"140":0,"141":0,"142":0,"143":0,"144":0,"145":0,"146":0,"147":0,"148":0,"149":0,"150":0,"151":0,"152":0,"153":1,"154":0,"155":0,"156":0,"157":0,"158":0,"159":0,"160":0,"161":0,"162":0,"163":0,"164":0,"165":1,"166":0,"167":0,"168":0,"169":0,"170":0,"171":0,"172":0,"173":0,"174":0,"175":0,"176":0,"177":0,"178":1,"179":0,"180":0,"181":0,"182":0,"183":0,"184":1,"185":0,"186":0,"187":0,"188":0,"189":0,"190":0,"191":0,"192":0,"193":0,"194":1,"195":0,"196":0,"197":0,"198":0,"199":0,"200":0,"201":0},"f":{"0":18,"1":0,"2":0,"3":0,"4":0,"5":0,"6":0,"7":0,"8":0,"9":0,"10":0,"11":0,"12":0,"13":0,"14":0,"15":0,"16":0,"17":0,"18":0,"19":0,"20":0,"21":0,"22":0,"23":0,"24":0,"25":0,"26":0,"27":0},"b":{"0":[0],"1":[0,0],"2":[0,0],"3":[0,0],"4":[0,0],"5":[0,0],"6":[0,0],"7":[0,0],"8":[0,0],"9":[0,0],"10":[0,0],"11":[0,0],"12":[0,0],"13":[0,0,0],"14":[0,0],"15":[0,0],"16":[0,0],"17":[0,0],"18":[0,0],"19":[0,0],"20":[0,0],"21":[0,0],"22":[0,0],"23":[0],"24":[0,0],"25":[0,0],"26":[0,0],"27":[0,0],"28":[0,0],"29":[0,0],"30":[0,0],"31":[0,0],"32":[0,0],"33":[0,0],"34":[0,0],"35":[0,0],"36":[0,0]},"_coverageSchema":"1a1c01bbd47fc00a2c39e90264f33305004495a9","hash":"3a1c1cdeb8e064e76d178688e10ddefcfa7a2e5f"}
,"C:\\Users\\LKsnj\\Desktop\\MY_PROJECTS\\Wastemanegement system\\New folder (2)\\WasteWise\\services\\binService.optimized.js": {"path":"C:\\Users\\LKsnj\\Desktop\\MY_PROJECTS\\Wastemanegement system\\New folder (2)\\WasteWise\\services\\binService.optimized.js","statementMap":{"0":{"start":{"line":33,"column":26},"end":{"line":42,"column":1}},"1":{"start":{"line":34,"column":2},"end":{"line":41,"column":3}},"2":{"start":{"line":35,"column":19},"end":{"line":35,"column":55}},"3":{"start":{"line":36,"column":4},"end":{"line":36,"column":38}},"4":{"start":{"line":36,"column":26},"end":{"line":36,"column":38}},"5":{"start":{"line":37,"column":4},"end":{"line":37,"column":47}},"6":{"start":{"line":39,"column":4},"end":{"line":39,"column":48}},"7":{"start":{"line":40,"column":4},"end":{"line":40,"column":16}},"8":{"start":{"line":47,"column":27},"end":{"line":62,"column":1}},"9":{"start":{"line":48,"column":2},"end":{"line":61,"column":3}},"10":{"start":{"line":49,"column":14},"end":{"line":54,"column":5}},"11":{"start":{"line":56,"column":21},"end":{"line":56,"column":37}},"12":{"start":{"line":57,"column":4},"end":{"line":57,"column":69}},"13":{"start":{"line":57,"column":37},"end":{"line":57,"column":66}},"14":{"start":{"line":59,"column":4},"end":{"line":59,"column":54}},"15":{"start":{"line":60,"column":4},"end":{"line":60,"column":14}},"16":{"start":{"line":67,"column":33},"end":{"line":82,"column":1}},"17":{"start":{"line":68,"column":2},"end":{"line":81,"column":3}},"18":{"start":{"line":69,"column":14},"end":{"line":74,"column":5}},"19":{"start":{"line":76,"column":21},"end":{"line":76,"column":37}},"20":{"start":{"line":77,"column":4},"end":{"line":77,"column":69}},"21":{"start":{"line":77,"column":37},"end":{"line":77,"column":66}},"22":{"start":{"line":79,"column":4},"end":{"line":79,"column":56}},"23":{"start":{"line":80,"column":4},"end":{"line":80,"column":14}},"24":{"start":{"line":87,"column":33},"end":{"line":98,"column":1}},"25":{"start":{"line":88,"column":17},"end":{"line":88,"column":52}},"26":{"start":{"line":88,"column":34},"end":{"line":88,"column":44}},"27":{"start":{"line":89,"column":19},"end":{"line":89,"column":39}},"28":{"start":{"line":90,"column":21},"end":{"line":90,"column":73}},"29":{"start":{"line":90,"column":45},"end":{"line":90,"column":69}},"30":{"start":{"line":92,"column":2},"end":{"line":97,"column":4}},"31":{"start":{"line":103,"column":35},"end":{"line":118,"column":1}},"32":{"start":{"line":104,"column":12},"end":{"line":109,"column":3}},"33":{"start":{"line":111,"column":2},"end":{"line":117,"column":5}},"34":{"start":{"line":112,"column":17},"end":{"line":112,"column":74}},"35":{"start":{"line":112,"column":43},"end":{"line":112,"column":72}},"36":{"start":{"line":113,"column":4},"end":{"line":113,"column":19}},"37":{"start":{"line":115,"column":4},"end":{"line":115,"column":48}},"38":{"start":{"line":116,"column":4},"end":{"line":116,"column":17}},"39":{"start":{"line":125,"column":25},"end":{"line":146,"column":1}},"40":{"start":{"line":126,"column":2},"end":{"line":145,"column":3}},"41":{"start":{"line":127,"column":19},"end":{"line":138,"column":5}},"42":{"start":{"line":140,"column":19},"end":{"line":140,"column":63}},"43":{"start":{"line":141,"column":4},"end":{"line":141,"column":79}},"44":{"start":{"line":143,"column":4},"end":{"line":143,"column":48}},"45":{"start":{"line":144,"column":4},"end":{"line":144,"column":52}},"46":{"start":{"line":153,"column":31},"end":{"line":168,"column":1}},"47":{"start":{"line":154,"column":2},"end":{"line":167,"column":3}},"48":{"start":{"line":155,"column":4},"end":{"line":155,"column":67}},"49":{"start":{"line":156,"column":4},"end":{"line":156,"column":45}},"50":{"start":{"line":157,"column":4},"end":{"line":160,"column":7}},"51":{"start":{"line":161,"column":4},"end":{"line":161,"column":49}},"52":{"start":{"line":162,"column":4},"end":{"line":162,"column":29}},"53":{"start":{"line":164,"column":4},"end":{"line":164,"column":57}},"54":{"start":{"line":165,"column":4},"end":{"line":165,"column":53}},"55":{"start":{"line":166,"column":4},"end":{"line":166,"column":52}},"56":{"start":{"line":173,"column":25},"end":{"line":184,"column":1}},"57":{"start":{"line":174,"column":2},"end":{"line":183,"column":3}},"58":{"start":{"line":175,"column":4},"end":{"line":178,"column":7}},"59":{"start":{"line":179,"column":4},"end":{"line":179,"column":29}},"60":{"start":{"line":181,"column":4},"end":{"line":181,"column":48}},"61":{"start":{"line":182,"column":4},"end":{"line":182,"column":52}},"62":{"start":{"line":189,"column":32},"end":{"line":211,"column":1}},"63":{"start":{"line":190,"column":2},"end":{"line":210,"column":3}},"64":{"start":{"line":191,"column":19},"end":{"line":191,"column":41}},"65":{"start":{"line":192,"column":19},"end":{"line":192,"column":39}},"66":{"start":{"line":194,"column":4},"end":{"line":196,"column":5}},"67":{"start":{"line":195,"column":6},"end":{"line":195,"column":56}},"68":{"start":{"line":198,"column":25},"end":{"line":198,"column":53}},"69":{"start":{"line":200,"column":4},"end":{"line":204,"column":7}},"70":{"start":{"line":206,"column":4},"end":{"line":206,"column":57}},"71":{"start":{"line":208,"column":4},"end":{"line":208,"column":53}},"72":{"start":{"line":209,"column":4},"end":{"line":209,"column":52}},"73":{"start":{"line":218,"column":25},"end":{"line":226,"column":1}},"74":{"start":{"line":219,"column":2},"end":{"line":225,"column":3}},"75":{"start":{"line":220,"column":4},"end":{"line":220,"column":44}},"76":{"start":{"line":221,"column":4},"end":{"line":221,"column":29}},"77":{"start":{"line":223,"column":4},"end":{"line":223,"column":48}},"78":{"start":{"line":224,"column":4},"end":{"line":224,"column":52}},"79":{"start":{"line":233,"column":33},"end":{"line":417,"column":1}},"80":{"start":{"line":234,"column":2},"end":{"line":416,"column":3}},"81":{"start":{"line":235,"column":4},"end":{"line":235,"column":48}},"82":{"start":{"line":238,"column":16},"end":{"line":238,"column":39}},"83":{"start":{"line":239,"column":4},"end":{"line":242,"column":5}},"84":{"start":{"line":240,"column":6},"end":{"line":240,"column":37}},"85":{"start":{"line":241,"column":6},"end":{"line":241,"column":56}},"86":{"start":{"line":243,"column":4},"end":{"line":243,"column":70}},"87":{"start":{"line":246,"column":20},"end":{"line":246,"column":62}},"88":{"start":{"line":247,"column":4},"end":{"line":250,"column":5}},"89":{"start":{"line":248,"column":6},"end":{"line":248,"column":38}},"90":{"start":{"line":249,"column":6},"end":{"line":249,"column":57}},"91":{"start":{"line":252,"column":21},"end":{"line":252,"column":35}},"92":{"start":{"line":253,"column":21},"end":{"line":253,"column":34}},"93":{"start":{"line":254,"column":21},"end":{"line":254,"column":55}},"94":{"start":{"line":255,"column":24},"end":{"line":255,"column":46}},"95":{"start":{"line":256,"column":22},"end":{"line":256,"column":42}},"96":{"start":{"line":258,"column":4},"end":{"line":258,"column":67}},"97":{"start":{"line":261,"column":22},"end":{"line":261,"column":98}},"98":{"start":{"line":263,"column":4},"end":{"line":266,"column":5}},"99":{"start":{"line":264,"column":6},"end":{"line":264,"column":74}},"100":{"start":{"line":265,"column":6},"end":{"line":265,"column":61}},"101":{"start":{"line":268,"column":4},"end":{"line":268,"column":46}},"102":{"start":{"line":271,"column":18},"end":{"line":271,"column":28}},"103":{"start":{"line":272,"column":4},"end":{"line":272,"column":31}},"104":{"start":{"line":273,"column":27},"end":{"line":273,"column":52}},"105":{"start":{"line":275,"column":4},"end":{"line":275,"column":69}},"106":{"start":{"line":277,"column":27},"end":{"line":283,"column":5}},"107":{"start":{"line":285,"column":30},"end":{"line":285,"column":59}},"108":{"start":{"line":286,"column":4},"end":{"line":286,"column":90}},"109":{"start":{"line":288,"column":21},"end":{"line":288,"column":22}},"110":{"start":{"line":291,"column":4},"end":{"line":408,"column":5}},"111":{"start":{"line":292,"column":27},"end":{"line":292,"column":45}},"112":{"start":{"line":293,"column":25},"end":{"line":293,"column":39}},"113":{"start":{"line":295,"column":6},"end":{"line":295,"column":58}},"114":{"start":{"line":296,"column":6},"end":{"line":296,"column":49}},"115":{"start":{"line":297,"column":6},"end":{"line":297,"column":62}},"116":{"start":{"line":298,"column":6},"end":{"line":298,"column":62}},"117":{"start":{"line":299,"column":6},"end":{"line":299,"column":70}},"118":{"start":{"line":300,"column":6},"end":{"line":300,"column":64}},"119":{"start":{"line":303,"column":33},"end":{"line":303,"column":112}},"120":{"start":{"line":303,"column":74},"end":{"line":303,"column":95}},"121":{"start":{"line":304,"column":31},"end":{"line":304,"column":69}},"122":{"start":{"line":306,"column":6},"end":{"line":309,"column":7}},"123":{"start":{"line":307,"column":8},"end":{"line":307,"column":98}},"124":{"start":{"line":308,"column":8},"end":{"line":308,"column":17}},"125":{"start":{"line":311,"column":6},"end":{"line":311,"column":46}},"126":{"start":{"line":314,"column":29},"end":{"line":314,"column":61}},"127":{"start":{"line":315,"column":25},"end":{"line":315,"column":54}},"128":{"start":{"line":316,"column":26},"end":{"line":316,"column":55}},"129":{"start":{"line":318,"column":6},"end":{"line":321,"column":7}},"130":{"start":{"line":319,"column":8},"end":{"line":319,"column":90}},"131":{"start":{"line":320,"column":8},"end":{"line":320,"column":17}},"132":{"start":{"line":323,"column":6},"end":{"line":323,"column":59}},"133":{"start":{"line":325,"column":6},"end":{"line":407,"column":7}},"134":{"start":{"line":327,"column":35},"end":{"line":332,"column":9}},"135":{"start":{"line":334,"column":30},"end":{"line":334,"column":63}},"136":{"start":{"line":336,"column":8},"end":{"line":401,"column":9}},"137":{"start":{"line":338,"column":34},"end":{"line":338,"column":55}},"138":{"start":{"line":339,"column":35},"end":{"line":339,"column":57}},"139":{"start":{"line":341,"column":10},"end":{"line":341,"column":75}},"140":{"start":{"line":344,"column":30},"end":{"line":349,"column":12}},"141":{"start":{"line":351,"column":36},"end":{"line":351,"column":90}},"142":{"start":{"line":352,"column":35},"end":{"line":352,"column":66}},"143":{"start":{"line":354,"column":10},"end":{"line":359,"column":13}},"144":{"start":{"line":361,"column":10},"end":{"line":361,"column":57}},"145":{"start":{"line":365,"column":27},"end":{"line":385,"column":11}},"146":{"start":{"line":387,"column":10},"end":{"line":387,"column":83}},"147":{"start":{"line":388,"column":10},"end":{"line":388,"column":62}},"148":{"start":{"line":391,"column":36},"end":{"line":391,"column":67}},"149":{"start":{"line":392,"column":33},"end":{"line":392,"column":48}},"150":{"start":{"line":394,"column":10},"end":{"line":398,"column":13}},"151":{"start":{"line":400,"column":10},"end":{"line":400,"column":103}},"152":{"start":{"line":403,"column":8},"end":{"line":403,"column":21}},"153":{"start":{"line":406,"column":8},"end":{"line":406,"column":62}},"154":{"start":{"line":410,"column":4},"end":{"line":410,"column":56}},"155":{"start":{"line":411,"column":4},"end":{"line":411,"column":48}},"156":{"start":{"line":414,"column":4},"end":{"line":414,"column":58}},"157":{"start":{"line":415,"column":4},"end":{"line":415,"column":62}},"158":{"start":{"line":422,"column":38},"end":{"line":527,"column":1}},"159":{"start":{"line":423,"column":2},"end":{"line":526,"column":3}},"160":{"start":{"line":424,"column":4},"end":{"line":424,"column":62}},"161":{"start":{"line":426,"column":16},"end":{"line":426,"column":39}},"162":{"start":{"line":427,"column":4},"end":{"line":430,"column":5}},"163":{"start":{"line":428,"column":6},"end":{"line":428,"column":56}},"164":{"start":{"line":429,"column":6},"end":{"line":429,"column":41}},"165":{"start":{"line":431,"column":4},"end":{"line":431,"column":64}},"166":{"start":{"line":434,"column":4},"end":{"line":434,"column":84}},"167":{"start":{"line":435,"column":23},"end":{"line":439,"column":5}},"168":{"start":{"line":441,"column":26},"end":{"line":441,"column":51}},"169":{"start":{"line":442,"column":4},"end":{"line":442,"column":94}},"170":{"start":{"line":444,"column":23},"end":{"line":444,"column":24}},"171":{"start":{"line":446,"column":4},"end":{"line":518,"column":5}},"172":{"start":{"line":447,"column":23},"end":{"line":447,"column":37}},"173":{"start":{"line":448,"column":26},"end":{"line":448,"column":45}},"174":{"start":{"line":449,"column":6},"end":{"line":449,"column":131}},"175":{"start":{"line":449,"column":121},"end":{"line":449,"column":128}},"176":{"start":{"line":452,"column":23},"end":{"line":452,"column":68}},"177":{"start":{"line":452,"column":50},"end":{"line":452,"column":67}},"178":{"start":{"line":454,"column":6},"end":{"line":517,"column":7}},"179":{"start":{"line":455,"column":8},"end":{"line":455,"column":81}},"180":{"start":{"line":458,"column":28},"end":{"line":458,"column":70}},"181":{"start":{"line":458,"column":52},"end":{"line":458,"column":69}},"182":{"start":{"line":459,"column":8},"end":{"line":459,"column":110}},"183":{"start":{"line":459,"column":100},"end":{"line":459,"column":107}},"184":{"start":{"line":462,"column":28},"end":{"line":462,"column":53}},"185":{"start":{"line":463,"column":8},"end":{"line":466,"column":9}},"186":{"start":{"line":464,"column":10},"end":{"line":464,"column":63}},"187":{"start":{"line":465,"column":10},"end":{"line":465,"column":19}},"188":{"start":{"line":468,"column":27},"end":{"line":468,"column":41}},"189":{"start":{"line":469,"column":8},"end":{"line":469,"column":70}},"190":{"start":{"line":471,"column":8},"end":{"line":512,"column":9}},"191":{"start":{"line":473,"column":10},"end":{"line":473,"column":65}},"192":{"start":{"line":474,"column":10},"end":{"line":474,"column":39}},"193":{"start":{"line":477,"column":10},"end":{"line":496,"column":11}},"194":{"start":{"line":478,"column":32},"end":{"line":478,"column":57}},"195":{"start":{"line":479,"column":12},"end":{"line":493,"column":13}},"196":{"start":{"line":480,"column":35},"end":{"line":480,"column":53}},"197":{"start":{"line":481,"column":14},"end":{"line":492,"column":15}},"198":{"start":{"line":482,"column":42},"end":{"line":482,"column":73}},"199":{"start":{"line":483,"column":39},"end":{"line":483,"column":80}},"200":{"start":{"line":485,"column":16},"end":{"line":489,"column":19}},"201":{"start":{"line":491,"column":16},"end":{"line":491,"column":108}},"202":{"start":{"line":495,"column":12},"end":{"line":495,"column":69}},"203":{"start":{"line":500,"column":10},"end":{"line":500,"column":86}},"204":{"start":{"line":501,"column":36},"end":{"line":501,"column":71}},"205":{"start":{"line":501,"column":57},"end":{"line":501,"column":70}},"206":{"start":{"line":502,"column":35},"end":{"line":502,"column":66}},"207":{"start":{"line":504,"column":10},"end":{"line":509,"column":13}},"208":{"start":{"line":511,"column":10},"end":{"line":511,"column":86}},"209":{"start":{"line":514,"column":8},"end":{"line":514,"column":23}},"210":{"start":{"line":516,"column":8},"end":{"line":516,"column":64}},"211":{"start":{"line":520,"column":4},"end":{"line":520,"column":94}},"212":{"start":{"line":521,"column":4},"end":{"line":521,"column":50}},"213":{"start":{"line":523,"column":4},"end":{"line":523,"column":63}},"214":{"start":{"line":524,"column":4},"end":{"line":524,"column":66}},"215":{"start":{"line":525,"column":4},"end":{"line":525,"column":39}},"216":{"start":{"line":534,"column":31},"end":{"line":577,"column":1}},"217":{"start":{"line":535,"column":2},"end":{"line":576,"column":3}},"218":{"start":{"line":536,"column":4},"end":{"line":536,"column":67}},"219":{"start":{"line":537,"column":4},"end":{"line":537,"column":43}},"220":{"start":{"line":540,"column":4},"end":{"line":540,"column":58}},"221":{"start":{"line":541,"column":25},"end":{"line":541,"column":63}},"222":{"start":{"line":542,"column":4},"end":{"line":542,"column":50}},"223":{"start":{"line":543,"column":4},"end":{"line":545,"column":5}},"224":{"start":{"line":544,"column":6},"end":{"line":544,"column":26}},"225":{"start":{"line":548,"column":25},"end":{"line":548,"column":37}},"226":{"start":{"line":550,"column":4},"end":{"line":560,"column":5}},"227":{"start":{"line":552,"column":6},"end":{"line":552,"column":51}},"228":{"start":{"line":553,"column":6},"end":{"line":553,"column":54}},"229":{"start":{"line":554,"column":6},"end":{"line":554,"column":65}},"230":{"start":{"line":557,"column":6},"end":{"line":557,"column":55}},"231":{"start":{"line":558,"column":6},"end":{"line":558,"column":59}},"232":{"start":{"line":559,"column":6},"end":{"line":559,"column":69}},"233":{"start":{"line":563,"column":4},"end":{"line":563,"column":49}},"234":{"start":{"line":564,"column":4},"end":{"line":568,"column":6}},"235":{"start":{"line":570,"column":4},"end":{"line":570,"column":53}},"236":{"start":{"line":571,"column":4},"end":{"line":571,"column":66}},"237":{"start":{"line":572,"column":4},"end":{"line":575,"column":6}},"238":{"start":{"line":582,"column":36},"end":{"line":605,"column":1}},"239":{"start":{"line":583,"column":2},"end":{"line":604,"column":3}},"240":{"start":{"line":585,"column":25},"end":{"line":585,"column":57}},"241":{"start":{"line":586,"column":4},"end":{"line":588,"column":5}},"242":{"start":{"line":587,"column":6},"end":{"line":587,"column":26}},"243":{"start":{"line":591,"column":4},"end":{"line":598,"column":5}},"244":{"start":{"line":592,"column":6},"end":{"line":592,"column":51}},"245":{"start":{"line":595,"column":6},"end":{"line":597,"column":9}},"246":{"start":{"line":596,"column":8},"end":{"line":596,"column":53}},"247":{"start":{"line":600,"column":4},"end":{"line":600,"column":24}},"248":{"start":{"line":602,"column":4},"end":{"line":602,"column":63}},"249":{"start":{"line":603,"column":4},"end":{"line":603,"column":52}},"250":{"start":{"line":610,"column":35},"end":{"line":623,"column":1}},"251":{"start":{"line":611,"column":2},"end":{"line":622,"column":3}},"252":{"start":{"line":613,"column":4},"end":{"line":615,"column":7}},"253":{"start":{"line":614,"column":6},"end":{"line":614,"column":52}},"254":{"start":{"line":618,"column":4},"end":{"line":618,"column":34}},"255":{"start":{"line":620,"column":4},"end":{"line":620,"column":48}},"256":{"s
[...]
tart":{"line":708,"column":10},"end":{"line":708,"column":17}},{"start":{"line":708,"column":21},"end":{"line":708,"column":28}}],"line":708}},"s":{"0":0,"1":0,"2":0,"3":0,"4":0,"5":0,"6":0,"7":0,"8":0,"9":0,"10":0,"11":0,"12":0,"13":0,"14":0,"15":0,"16":0,"17":0,"18":0,"19":0,"20":0,"21":0,"22":0,"23":0,"24":0,"25":0,"26":0,"27":0,"28":0,"29":0,"30":0,"31":0,"32":0,"33":0,"34":0,"35":0,"36":0,"37":0,"38":0,"39":0,"40":0,"41":0,"42":0,"43":0,"44":0,"45":0,"46":0,"47":0,"48":0,"49":0,"50":0,"51":0,"52":0,"53":0,"54":0,"55":0,"56":0,"57":0,"58":0,"59":0,"60":0,"61":0,"62":0,"63":0,"64":0,"65":0,"66":0,"67":0,"68":0,"69":0,"70":0,"71":0,"72":0,"73":0,"74":0,"75":0,"76":0,"77":0,"78":0,"79":0,"80":0,"81":0,"82":0,"83":0,"84":0,"85":0,"86":0,"87":0,"88":0,"89":0,"90":0,"91":0,"92":0,"93":0,"94":0,"95":0,"96":0,"97":0,"98":0,"99":0,"100":0,"101":0,"102":0,"103":0,"104":0,"105":0,"106":0,"107":0,"108":0,"109":0,"110":0,"111":0,"112":0,"113":0,"114":0,"115":0,"116":0,"117":0,"118":0,"119":0,"120":0,"121":0,"122":0,"123":0,"124":0,"125":0,"126":0,"127":0,"128":0,"129":0,"130":0,"131":0,"132":0,"133":0,"134":0,"135":0,"136":0,"137":0,"138":0,"139":0,"140":0,"141":0,"142":0,"143":0,"144":0,"145":0,"146":0,"147":0,"148":0,"149":0,"150":0,"151":0,"152":0,"153":0,"154":0,"155":0,"156":0,"157":0,"158":0,"159":0,"160":0,"161":0,"162":0,"163":0,"164":0,"165":0,"166":0,"167":0,"168":0,"169":0,"170":0,"171":0,"172":0,"173":0,"174":0,"175":0,"176":0,"177":0,"178":0,"179":0,"180":0,"181":0,"182":0,"183":0,"184":0,"185":0,"186":0,"187":0,"188":0,"189":0,"190":0,"191":0,"192":0,"193":0,"194":0,"195":0,"196":0,"197":0,"198":0,"199":0,"200":0,"201":0,"202":0,"203":0,"204":0,"205":0,"206":0,"207":0,"208":0,"209":0,"210":0,"211":0},"f":{"0":0,"1":0,"2":0,"3":0,"4":0,"5":0,"6":0,"7":0,"8":0,"9":0,"10":0,"11":0,"12":0,"13":0,"14":0,"15":0,"16":0,"17":0,"18":0,"19":0,"20":0,"21":0,"22":0,"23":0,"24":0,"25":0,"26":0,"27":0},"b":{"0":[0,0],"1":[0,0],"2":[0,0],"3":[0,0],"4":[0,0],"5":[0,0],"6":[0,0],"7":[0],"8":[0,0],"9":[0,0],"10":[0,0],"11":[0,0],"12":[0,0],"13":[0,0],"14":[0,0],"15":[0,0],"16":[0,0],"17":[0,0],"18":[0,0],"19":[0,0],"20":[0,0],"21":[0,0],"22":[0,0],"23":[0,0],"24":[0,0],"25":[0,0],"26":[0,0],"27":[0,0],"28":[0,0],"29":[0,0],"30":[0,0],"31":[0,0],"32":[0,0],"33":[0,0],"34":[0,0],"35":[0,0],"36":[0,0],"37":[0,0],"38":[0,0],"39":[0,0],"40":[0,0],"41":[0,0],"42":[0,0],"43":[0,0],"44":[0,0],"45":[0,0]}}
,"C:\\Users\\LKsnj\\Desktop\\MY_PROJECTS\\Wastemanegement system\\New folder (2)\\WasteWise\\services\\stopsService.js": {"path":"C:\\Users\\LKsnj\\Desktop\\MY_PROJECTS\\Wastemanegement system\\New folder (2)\\WasteWise\\services\\stopsService.js","statementMap":{"0":{"start":{"line":24,"column":30},"end":{"line":44,"column":1}},"1":{"start":{"line":25,"column":2},"end":{"line":43,"column":3}},"2":{"start":{"line":26,"column":4},"end":{"line":26,"column":77}},"3":{"start":{"line":28,"column":20},"end":{"line":36,"column":6}},"4":{"start":{"line":38,"column":4},"end":{"line":38,"column":60}},"5":{"start":{"line":39,"column":4},"end":{"line":39,"column":49}},"6":{"start":{"line":41,"column":4},"end":{"line":41,"column":56}},"7":{"start":{"line":42,"column":4},"end":{"line":42,"column":52}},"8":{"start":{"line":50,"column":34},"end":{"line":91,"column":1}},"9":{"start":{"line":51,"column":2},"end":{"line":90,"column":3}},"10":{"start":{"line":52,"column":4},"end":{"line":52,"column":62}},"11":{"start":{"line":55,"column":27},"end":{"line":59,"column":5}},"12":{"start":{"line":61,"column":30},"end":{"line":61,"column":59}},"13":{"start":{"line":63,"column":4},"end":{"line":66,"column":5}},"14":{"start":{"line":64,"column":6},"end":{"line":64,"column":79}},"15":{"start":{"line":65,"column":6},"end":{"line":65,"column":78}},"16":{"start":{"line":69,"column":25},"end":{"line":81,"column":6}},"17":{"start":{"line":70,"column":6},"end":{"line":80,"column":9}},"18":{"start":{"line":83,"column":4},"end":{"line":83,"column":36}},"19":{"start":{"line":85,"column":4},"end":{"line":85,"column":82}},"20":{"start":{"line":86,"column":4},"end":{"line":86,"column":57}},"21":{"start":{"line":88,"column":4},"end":{"line":88,"column":60}},"22":{"start":{"line":89,"column":4},"end":{"line":89,"column":52}},"23":{"start":{"line":97,"column":42},"end":{"line":122,"column":1}},"24":{"start":{"line":98,"column":2},"end":{"line":121,"column":3}},"25":{"start":{"line":99,"column":4},"end":{"line":99,"column":85}},"26":{"start":{"line":101,"column":25},"end":{"line":112,"column":6}},"27":{"start":{"line":102,"column":6},"end":{"line":111,"column":9}},"28":{"start":{"line":114,"column":20},"end":{"line":114,"column":51}},"29":{"start":{"line":116,"column":4},"end":{"line":116,"column":59}},"30":{"start":{"line":117,"column":4},"end":{"line":117,"column":52}},"31":{"start":{"line":119,"column":4},"end":{"line":119,"column":57}},"32":{"start":{"line":120,"column":4},"end":{"line":120,"column":52}},"33":{"start":{"line":131,"column":34},"end":{"line":156,"column":1}},"34":{"start":{"line":132,"column":2},"end":{"line":155,"column":3}},"35":{"start":{"line":133,"column":4},"end":{"line":133,"column":63}},"36":{"start":{"line":135,"column":23},"end":{"line":138,"column":5}},"37":{"start":{"line":140,"column":26},"end":{"line":140,"column":51}},"38":{"start":{"line":142,"column":18},"end":{"line":148,"column":7}},"39":{"start":{"line":142,"column":49},"end":{"line":148,"column":5}},"40":{"start":{"line":150,"column":4},"end":{"line":150,"column":50}},"41":{"start":{"line":151,"column":4},"end":{"line":151,"column":17}},"42":{"start":{"line":153,"column":4},"end":{"line":153,"column":52}},"43":{"start":{"line":154,"column":4},"end":{"line":154,"column":14}},"44":{"start":{"line":162,"column":42},"end":{"line":185,"column":1}},"45":{"start":{"line":163,"column":2},"end":{"line":163,"column":67}},"46":{"start":{"line":165,"column":21},"end":{"line":168,"column":3}},"47":{"start":{"line":170,"column":2},"end":{"line":184,"column":5}},"48":{"start":{"line":171,"column":18},"end":{"line":177,"column":7}},"49":{"start":{"line":171,"column":44},"end":{"line":177,"column":5}},"50":{"start":{"line":179,"column":4},"end":{"line":179,"column":63}},"51":{"start":{"line":180,"column":4},"end":{"line":180,"column":20}},"52":{"start":{"line":182,"column":4},"end":{"line":182,"column":59}},"53":{"start":{"line":183,"column":4},"end":{"line":183,"column":17}},"54":{"start":{"line":190,"column":28},"end":{"line":215,"column":1}},"55":{"start":{"line":191,"column":2},"end":{"line":214,"column":3}},"56":{"start":{"line":192,"column":18},"end":{"line":192,"column":54}},"57":{"start":{"line":194,"column":18},"end":{"line":201,"column":5}},"58":{"start":{"line":196,"column":35},"end":{"line":196,"column":52}},"59":{"start":{"line":197,"column":39},"end":{"line":197,"column":60}},"60":{"start":{"line":198,"column":33},"end":{"line":198,"column":55}},"61":{"start":{"line":199,"column":35},"end":{"line":199,"column":59}},"62":{"start":{"line":200,"column":33},"end":{"line":200,"column":55}},"63":{"start":{"line":203,"column":4},"end":{"line":203,"column":17}},"64":{"start":{"line":205,"column":4},"end":{"line":205,"column":56}},"65":{"start":{"line":206,"column":4},"end":{"line":213,"column":6}},"66":{"start":{"line":224,"column":35},"end":{"line":242,"column":1}},"67":{"start":{"line":225,"column":2},"end":{"line":241,"column":3}},"68":{"start":{"line":226,"column":4},"end":{"line":226,"column":56}},"69":{"start":{"line":228,"column":20},"end":{"line":228,"column":69}},"70":{"start":{"line":229,"column":4},"end":{"line":234,"column":7}},"71":{"start":{"line":236,"column":4},"end":{"line":236,"column":46}},"72":{"start":{"line":237,"column":4},"end":{"line":237,"column":29}},"73":{"start":{"line":239,"column":4},"end":{"line":239,"column":63}},"74":{"start":{"line":240,"column":4},"end":{"line":240,"column":52}},"75":{"start":{"line":247,"column":33},"end":{"line":264,"column":1}},"76":{"start":{"line":248,"column":2},"end":{"line":263,"column":3}},"77":{"start":{"line":249,"column":4},"end":{"line":249,"column":55}},"78":{"start":{"line":251,"column":20},"end":{"line":251,"column":69}},"79":{"start":{"line":252,"column":4},"end":{"line":256,"column":7}},"80":{"start":{"line":258,"column":4},"end":{"line":258,"column":44}},"81":{"start":{"line":259,"column":4},"end":{"line":259,"column":29}},"82":{"start":{"line":261,"column":4},"end":{"line":261,"column":61}},"83":{"start":{"line":262,"column":4},"end":{"line":262,"column":52}},"84":{"start":{"line":269,"column":26},"end":{"line":285,"column":1}},"85":{"start":{"line":270,"column":2},"end":{"line":284,"column":3}},"86":{"start":{"line":271,"column":4},"end":{"line":271,"column":45}},"87":{"start":{"line":273,"column":20},"end":{"line":273,"column":69}},"88":{"start":{"line":274,"column":4},"end":{"line":277,"column":7}},"89":{"start":{"line":279,"column":4},"end":{"line":279,"column":34}},"90":{"start":{"line":280,"column":4},"end":{"line":280,"column":29}},"91":{"start":{"line":282,"column":4},"end":{"line":282,"column":51}},"92":{"start":{"line":283,"column":4},"end":{"line":283,"column":52}},"93":{"start":{"line":294,"column":26},"end":{"line":306,"column":1}},"94":{"start":{"line":295,"column":2},"end":{"line":305,"column":3}},"95":{"start":{"line":296,"column":4},"end":{"line":296,"column":46}},"96":{"start":{"line":298,"column":4},"end":{"line":298,"column":71}},"97":{"start":{"line":300,"column":4},"end":{"line":300,"column":34}},"98":{"start":{"line":301,"column":4},"end":{"line":301,"column":29}},"99":{"start":{"line":303,"column":4},"end":{"line":303,"column":51}},"100":{"start":{"line":304,"column":4},"end":{"line":304,"column":52}},"101":{"start":{"line":311,"column":37},"end":{"line":329,"column":1}},"102":{"start":{"line":312,"column":2},"end":{"line":328,"column":3}},"103":{"start":{"line":313,"column":4},"end":{"line":313,"column":68}},"104":{"start":{"line":315,"column":18},"end":{"line":315,"column":54}},"105":{"start":{"line":317,"column":27},"end":{"line":319,"column":5}},"106":{"start":{"line":318,"column":6},"end":{"line":318,"column":67}},"107":{"start":{"line":321,"column":4},"end":{"line":321,"column":38}},"108":{"start":{"line":323,"column":4},"end":{"line":323,"column":52}},"109":{"start":{"line":324,"column":4},"end":{"line":324,"column":50}},"110":{"start":{"line":326,"column":4},"end":{"line":326,"column":52}},"111":{"start":{"line":327,"column":4},"end":{"line":327,"column":52}}},"fnMap":{"0":{"name":"(anonymous_0)","decl":{"start":{"line":24,"column":30},"end":{"line":24,"column":31}},"loc":{"start":{"line":24,"column":62},"end":{"line":44,"column":1}},"line":24},"1":{"name":"(anonymous_1)","decl":{"start":{"line":50,"column":34},"end":{"line":50,"column":35}},"loc":{"start":{"line":50,"column":70},"end":{"line":91,"column":1}},"line":50},"2":{"name":"(anonymous_2)","decl":{"start":{"line":69,"column":52},"end":{"line":69,"column":53}},"loc":{"start":{"line":69,"column":67},"end":{"line":81,"column":5}},"line":69},"3":{"name":"(anonymous_3)","decl":{"start":{"line":97,"column":42},"end":{"line":97,"column":43}},"loc":{"start":{"line":97,"column":71},"end":{"line":122,"column":1}},"line":97},"4":{"name":"(anonymous_4)","decl":{"start":{"line":101,"column":35},"end":{"line":101,"column":36}},"loc":{"start":{"line":101,"column":43},"end":{"line":112,"column":5}},"line":101},"5":{"name":"(anonymous_5)","decl":{"start":{"line":131,"column":34},"end":{"line":131,"column":35}},"loc":{"start":{"line":131,"column":56},"end":{"line":156,"column":1}},"line":131},"6":{"name":"(anonymous_6)","decl":{"start":{"line":142,"column":41},"end":{"line":142,"column":42}},"loc":{"start":{"line":142,"column":49},"end":{"line":148,"column":5}},"line":142},"7":{"name":"(anonymous_7)","decl":{"start":{"line":162,"column":42},"end":{"line":162,"column":43}},"loc":{"start":{"line":162,"column":68},"end":{"line":185,"column":1}},"line":162},"8":{"name":"(anonymous_8)","decl":{"start":{"line":170,"column":32},"end":{"line":170,"column":33}},"loc":{"start":{"line":170,"column":46},"end":{"line":181,"column":3}},"line":170},"9":{"name":"(anonymous_9)","decl":{"start":{"line":171,"column":36},"end":{"line":171,"column":37}},"loc":{"start":{"line":171,"column":44},"end":{"line":177,"column":5}},"line":171},"10":{"name":"(anonymous_10)","decl":{"start":{"line":181,"column":5},"end":{"line":181,"column":6}},"loc":{"start":{"line":181,"column":16},"end":{"line":184,"column":3}},"line":181},"11":{"name":"(anonymous_11)","decl":{"start":{"line":190,"column":28},"end":{"line":190,"column":29}},"loc":{"start":{"line":190,"column":50},"end":{"line":215,"column":1}},"line":190},"12":{"name":"(anonymous_12)","decl":{"start":{"line":196,"column":30},"end":{"line":196,"column":31}},"loc":{"start":{"line":196,"column":35},"end":{"line":196,"column":52}},"line":196},"13":{"name":"(anonymous_13)","decl":{"start":{"line":197,"column":34},"end":{"line":197,"column":35}},"loc":{"start":{"line":197,"column":39},"end":{"line":197,"column":60}},"line":197},"14":{"name":"(anonymous_14)","decl":{"start":{"line":198,"column":28},"end":{"line":198,"column":29}},"loc":{"start":{"line":198,"column":33},"end":{"line":198,"column":55}},"line":198},"15":{"name":"(anonymous_15)","decl":{"start":{"line":199,"column":30},"end":{"line":199,"column":31}},"loc":{"start":{"line":199,"column":35},"end":{"line":199,"column":59}},"line":199},"16":{"name":"(anonymous_16)","decl":{"start":{"line":200,"column":28},"end":{"line":200,"column":29}},"loc":{"start":{"line":200,"column":33},"end":{"line":200,"column":55}},"line":200},"17":{"name":"(anonymous_17)","decl":{"start":{"line":224,"column":35},"end":{"line":224,"column":36}},"loc":{"start":{"line":224,"column":77},"end":{"line":242,"column":1}},"line":224},"18":{"name":"(anonymous_18)","decl":{"start":{"line":247,"column":33},"end":{"line":247,"column":34}},"loc":{"start":{"line":247,"column":76},"end":{"line":264,"column":1}},"line":247},"19":{"name":"(anonymous_19)","decl":{"start":{"line":269,"column":26},"end":{"line":269,"column":27}},"loc":{"start":{"line":269,"column":65},"end":{"line":285,"column":1}},"line":269},"20":{"name":"(anonymous_20)","decl":{"start":{"line":294,"column":26},"end":{"line":294,"column":27}},"loc":{"start":{"line":294,"column":56},"end":{"line":306,"column":1}},"line":294},"21":{"name":"(anonymous_21)","decl":{"start":{"line":311,"column":37},"end":{"line":311,"column":38}},"loc":{"start":{"line":311,"column":59},"end":{"line":329,"column":1}},"line":311},"22":{"name":"(anonymous_22)","decl":{"start":{"line":317,"column":37},"end":{"line":317,"column":38}},"loc":{"start":{"line":318,"column":6},"end":{"line":318,"column":67}},"line":318}},"branchMap":{"0":{"loc":{"start":{"line":33,"column":13},"end":{"line":33,"column":33}},"type":"binary-expr","locations":[{"start":{"line":33,"column":13},"end":{"line":33,"column":27}},{"start":{"line":33,"column":31},"end":{"line":33,"column":33}}],"line":33},"1":{"loc":{"start":{"line":63,"column":4},"end":{"line":66,"column":5}},"type":"if","locations":[{"start":{"line":63,"column":4},"end":{"line":66,"column":5}},{"start":{},"end":{}}],"line":63},"2":{"loc":{"start":{"line":72,"column":17},"end":{"line":72,"column":63}},"type":"binary-expr","locations":[{"start":{"line":72,"column":17},"end":{"line":72,"column":37}},{"start":{"line":72,"column":41},"end":{"line":72,"column":63}}],"line":72},"3":{"loc":{"start":{"line":108,"column":15},"end":{"line":108,"column":31}},"type":"binary-expr","locations":[{"start":{"line":108,"column":15},"end":{"line":108,"column":25}},{"start":{"line":108,"column":29},"end":{"line":108,"column":31}}],"line":108},"4":{"loc":{"start":{"line":224,"column":62},"end":{"line":224,"column":72}},"type":"default-arg","locations":[{"start":{"line":224,"column":70},"end":{"line":224,"column":72}}],"line":224},"5":{"loc":{"start":{"line":247,"column":60},"end":{"line":247,"column":71}},"type":"default-arg","locations":[{"start":{"line":247,"column":69},"end":{"line":247,"column":71}}],"line":247}},"s":{"0":0,"1":0,"2":0,"3":0,"4":0,"5":0,"6":0,"7":0,"8":0,"9":0,"10":0,"11":0,"12":0,"13":0,"14":0,"15":0,"16":0,"17":0,"18":0,"19":0,"20":0,"21":0,"22":0,"23":0,"24":0,"25":0,"26":0,"27":0,"28":0,"29":0,"30":0,"31":0,"32":0,"33":0,"34":0,"35":0,"36":0,"37":0,"38":0,"39":0,"40":0,"41":0,"42":0,"43":0,"44":0,"45":0,"46":0,"47":0,"48":0,"49":0,"50":0,"51":0,"52":0,"53":0,"54":0,"55":0,"56":0,"57":0,"58":0,"59":0,"60":0,"61":0,"62":0,"63":0,"64":0,"65":0,"66":0,"67":0,"68":0,"69":0,"70":0,"71":0,"72":0,"73":0,"74":0,"75":0,"76":0,"77":0,"78":0,"79":0,"80":0,"81":0,"82":0,"83":0,"84":0,"85":0,"86":0,"87":0,"88":0,"89":0,"90":0,"91":0,"92":0,"93":0,"94":0,"95":0,"96":0,"97":0,"98":0,"99":0,"100":0,"101":0,"102":0,"103":0,"104":0,"105":0,"106":0,"107":0,"108":0,"109":0,"110":0,"111":0},"f":{"0":0,"1":0,"2":0,"3":0,"4":0,"5":0,"6":0,"7":0,"8":0,"9":0,"10":0,"11":0,"12":0,"13":0,"14":0,"15":0,"16":0,"17":0,"18":0,"19":0,"20":0,"21":0,"22":0},"b":{"0":[0,0],"1":[0,0],"2":[0,0],"3":[0,0],"4":[0],"5":[0]}}
,"C:\\Users\\LKsnj\\Desktop\\MY_PROJECTS\\Wastemanegement system\\New folder (2)\\WasteWise\\services\\userService.js": {"path":"C:\\Users\\LKsnj\\Desktop\\MY_PROJECTS\\Wastemanegement system\\New folder (2)\\WasteWise\\services\\userService.js","statementMap":{"0":{"start":{"line":9,"column":30},"end":{"line":25,"column":1}},"1":{"start":{"line":10,"column":2},"end":{"line":24,"column":3}},"2":{"start":{"line":11,"column":20},"end":{"line":11,"column":58}},"3":{"start":{"line":13,"column":4},"end":{"line":20,"column":5}},"4":{"start":{"line":14,"column":6},"end":{"line":17,"column":8}},"5":{"start":{"line":19,"column":6},"end":{"line":19,"column":18}},"6":{"start":{"line":22,"column":4},"end":{"line":22,"column":56}},"7":{"start":{"line":23,"column":4},"end":{"line":23,"column":16}},"8":{"start":{"line":33,"column":33},"end":{"line":50,"column":1}},"9":{"start":{"line":34,"column":2},"end":{"line":49,"column":3}},"10":{"start":{"line":35,"column":20},"end":{"line":35,"column":44}},"11":{"start":{"line":37,"column":4},"end":{"line":40,"column":24}},"12":{"start":{"line":42,"column":4},"end":{"line":45,"column":6}},"13":{"start":{"line":47,"column":4},"end":{"line":47,"column":57}},"14":{"start":{"line":48,"column":4},"end":{"line":48,"column":16}},"15":{"start":{"line":57,"column":27},"end":{"line":65,"column":1}},"16":{"start":{"line":58,"column":2},"end":{"line":64,"column":3}},"17":{"start":{"line":59,"column":20},"end":{"line":59,"column":48}},"18":{"start":{"line":60,"column":4},"end":{"line":60,"column":33}},"19":{"start":{"line":62,"column":4},"end":{"line":62,"column":53}},"20":{"start":{"line":63,"column":4},"end":{"line":63,"column":16}}},"fnMap":{"0":{"name":"(anonymous_0)","decl":{"start":{"line":9,"column":30},"end":{"line":9,"column":31}},"loc":{"start":{"line":9,"column":48},"end":{"line":25,"column":1}},"line":9},"1":{"name":"(anonymous_1)","decl":{"start":{"line":33,"column":33},"end":{"line":33,"column":34}},"loc":{"start":{"line":33,"column":64},"end":{"line":50,"column":1}},"line":33},"2":{"name":"(anonymous_2)","decl":{"start":{"line":57,"column":27},"end":{"line":57,"column":28}},"loc":{"start":{"line":57,"column":45},"end":{"line":65,"column":1}},"line":57}},"branchMap":{"0":{"loc":{"start":{"line":13,"column":4},"end":{"line":20,"column":5}},"type":"if","locations":[{"start":{"line":13,"column":4},"end":{"line":20,"column":5}},{"start":{"line":18,"column":11},"end":{"line":20,"column":5}}],"line":13},"1":{"loc":{"start":{"line":60,"column":11},"end":{"line":60,"column":32}},"type":"binary-expr","locations":[{"start":{"line":60,"column":11},"end":{"line":60,"column":24}},{"start":{"line":60,"column":28},"end":{"line":60,"column":32}}],"line":60}},"s":{"0":0,"1":0,"2":0,"3":0,"4":0,"5":0,"6":0,"7":0,"8":0,"9":0,"10":0,"11":0,"12":0,"13":0,"14":0,"15":0,"16":0,"17":0,"18":0,"19":0,"20":0},"f":{"0":0,"1":0,"2":0},"b":{"0":[0,0],"1":[0,0]}}
}
