TN:
SF:constants\customerTheme.js
FNF:0
FNH:0
DA:2,0
DA:52,0
DA:59,0
DA:68,0
DA:77,0
LF:5
LH:0
BRF:0
BRH:0
end_of_record
TN:
SF:constants\paymentConfig.js
FN:32,(anonymous_0)
FN:53,(anonymous_1)
FN:62,(anonymous_2)
FN:68,(anonymous_3)
FN:90,(anonymous_4)
FN:92,(anonymous_5)
FN:96,(anonymous_6)
FN:102,(anonymous_7)
FNF:8
FNH:7
FNDA:13,(anonymous_0)
FNDA:0,(anonymous_1)
FNDA:8,(anonymous_2)
FNDA:2,(anonymous_3)
FNDA:16,(anonymous_4)
FNDA:499,(anonymous_5)
FNDA:495,(anonymous_6)
FNDA:495,(anonymous_7)
DA:2,2
DA:3,2
DA:6,2
DA:19,2
DA:32,2
DA:33,13
DA:34,2
DA:37,11
DA:45,2
DA:53,2
DA:54,0
DA:62,2
DA:64,8
DA:66,8
DA:68,8
DA:69,2
DA:72,8
DA:73,8
DA:74,8
DA:76,8
DA:90,2
DA:92,16
DA:93,499
DA:96,495
DA:102,495
DA:103,16
DA:104,16
DA:106,16
DA:117,2
DA:126,2
LF:30
LH:29
BRDA:33,0,0,2
BRDA:33,0,1,11
BRDA:33,1,0,13
BRDA:33,1,1,11
BRDA:37,2,0,11
BRDA:37,2,1,1
BRDA:62,3,0,0
BRDA:62,4,0,7
BRDA:64,5,0,1
BRDA:64,5,1,7
BRDA:69,6,0,2
BRDA:69,6,1,0
BRDA:69,6,2,0
BRDA:69,7,0,0
BRDA:69,7,1,0
BRDA:90,8,0,0
BRDA:93,9,0,499
BRDA:93,9,1,497
BRDA:93,9,2,497
BRF:19
BRH:13
end_of_record
TN:
SF:constants\theme.js
FNF:0
FNH:0
DA:8,0
DA:9,0
DA:11,0
DA:30,0
LF:4
LH:0
BRF:0
BRH:0
end_of_record
TN:
SF:constants\wasteTypes.js
FN:78,(anonymous_0)
FN:87,(anonymous_1)
FN:95,(anonymous_2)
FN:103,(anonymous_3)
FN:111,(anonymous_4)
FN:119,(anonymous_5)
FNF:6
FNH:0
FNDA:0,(anonymous_0)
FNDA:0,(anonymous_1)
FNDA:0,(anonymous_2)
FNDA:0,(anonymous_3)
FNDA:0,(anonymous_4)
FNDA:0,(anonymous_5)
DA:6,0
DA:68,0
DA:73,0
DA:78,0
DA:79,0
DA:80,0
DA:81,0
DA:87,0
DA:88,0
DA:89,0
DA:95,0
DA:96,0
DA:97,0
DA:103,0
DA:104,0
DA:105,0
DA:111,0
DA:112,0
DA:113,0
DA:119,0
DA:120,0
DA:121,0
DA:122,0
DA:129,0
DA:143,0
LF:25
LH:0
BRDA:79,0,0,0
BRDA:79,0,1,0
BRDA:81,1,0,0
BRDA:81,1,1,0
BRDA:89,2,0,0
BRDA:89,2,1,0
BRDA:97,3,0,0
BRDA:97,3,1,0
BRDA:105,4,0,0
BRDA:105,4,1,0
BRDA:112,5,0,0
BRDA:112,5,1,0
BRDA:120,6,0,0
BRDA:120,6,1,0
BRDA:122,7,0,0
BRDA:122,7,1,0
BRF:16
BRH:0
end_of_record
TN:
SF:services\auth.js
FN:15,(anonymous_0)
FN:57,(anonymous_1)
FN:76,(anonymous_2)
FN:98,(anonymous_3)
FN:136,(anonymous_4)
FN:166,(anonymous_5)
FN:231,(anonymous_6)
FN:244,(anonymous_7)
FN:251,(anonymous_8)
FNF:9
FNH:0
FNDA:0,(anonymous_0)
FNDA:0,(anonymous_1)
FNDA:0,(anonymous_2)
FNDA:0,(anonymous_3)
FNDA:0,(anonymous_4)
FNDA:0,(anonymous_5)
FNDA:0,(anonymous_6)
FNDA:0,(anonymous_7)
FNDA:0,(anonymous_8)
DA:15,0
DA:16,0
DA:17,0
DA:19,0
DA:36,0
DA:39,0
DA:40,0
DA:41,0
DA:47,0
DA:49,0
DA:50,0
DA:57,0
DA:58,0
DA:59,0
DA:60,0
DA:62,0
DA:63,0
DA:65,0
DA:68,0
DA:69,0
DA:76,0
DA:77,0
DA:78,0
DA:79,0
DA:88,0
DA:90,0
DA:91,0
DA:98,0
DA:99,0
DA:101,0
DA:102,0
DA:105,0
DA:116,0
DA:118,0
DA:119,0
DA:125,0
DA:128,0
DA:129,0
DA:136,0
DA:137,0
DA:138,0
DA:139,0
DA:142,0
DA:144,0
DA:145,0
DA:146,0
DA:152,0
DA:158,0
DA:159,0
DA:166,0
DA:167,0
DA:168,0
DA:169,0
DA:172,0
DA:174,0
DA:175,0
DA:176,0
DA:177,0
DA:181,0
DA:191,0
DA:192,0
DA:193,0
DA:194,0
DA:196,0
DA:204,0
DA:211,0
DA:214,0
DA:215,0
DA:217,0
DA:218,0
DA:220,0
DA:221,0
DA:224,0
DA:231,0
DA:232,0
DA:233,0
DA:234,0
DA:236,0
DA:237,0
DA:244,0
DA:245,0
DA:251,0
DA:252,0
LF:83
LH:0
BRDA:22,0,0,0
BRDA:22,0,1,0
BRDA:23,1,0,0
BRDA:23,1,1,0
BRDA:24,2,0,0
BRDA:24,2,1,0
BRDA:25,3,0,0
BRDA:25,3,1,0
BRDA:26,4,0,0
BRDA:26,4,1,0
BRDA:27,5,0,0
BRDA:27,5,1,0
BRDA:28,6,0,0
BRDA:28,6,1,0
BRDA:29,7,0,0
BRDA:29,7,1,0
BRDA:30,8,0,0
BRDA:30,8,1,0
BRDA:39,9,0,0
BRDA:39,9,1,0
BRDA:39,10,0,0
BRDA:39,10,1,0
BRDA:39,10,2,0
BRDA:62,11,0,0
BRDA:62,11,1,0
BRDA:98,12,0,0
BRDA:107,13,0,0
BRDA:107,13,1,0
BRDA:108,14,0,0
BRDA:108,14,1,0
BRDA:109,15,0,0
BRDA:109,15,1,0
BRDA:110,16,0,0
BRDA:110,16,1,0
BRDA:111,17,0,0
BRDA:111,17,1,0
BRDA:112,18,0,0
BRDA:112,18,1,0
BRDA:113,19,0,0
BRDA:113,19,1,0
BRDA:118,20,0,0
BRDA:118,20,1,0
BRDA:144,21,0,0
BRDA:144,21,1,0
BRDA:144,22,0,0
BRDA:144,22,1,0
BRDA:166,23,0,0
BRDA:174,24,0,0
BRDA:174,24,1,0
BRDA:175,25,0,0
BRDA:175,25,1,0
BRDA:183,26,0,0
BRDA:183,26,1,0
BRDA:184,27,0,0
BRDA:184,27,1,0
BRDA:185,28,0,0
BRDA:185,28,1,0
BRDA:186,29,0,0
BRDA:186,29,1,0
BRDA:187,30,0,0
BRDA:187,30,1,0
BRDA:192,31,0,0
BRDA:192,31,1,0
BRDA:192,32,0,0
BRDA:192,32,1,0
BRDA:194,33,0,0
BRDA:194,33,1,0
BRDA:214,34,0,0
BRDA:214,34,1,0
BRDA:217,35,0,0
BRDA:217,35,1,0
BRDA:220,36,0,0
BRDA:220,36,1,0
BRF:73
BRH:0
end_of_record
TN:
SF:services\binService.js
FN:84,(anonymous_0)
FN:94,(anonymous_1)
FN:142,(anonymous_2)
FN:152,(anonymous_3)
FN:172,(anonymous_4)
FN:182,(anonymous_5)
FN:202,(anonymous_6)
FN:209,(anonymous_7)
FN:211,(anonymous_8)
FN:226,(anonymous_9)
FN:249,(anonymous_10)
FN:279,(anonymous_11)
FN:304,(anonymous_12)
FN:356,(anonymous_13)
FN:397,(anonymous_14)
FN:411,(anonymous_15)
FN:444,(anonymous_16)
FN:464,(anonymous_17)
FN:540,(anonymous_18)
FN:592,(anonymous_19)
FN:598,(anonymous_20)
FN:599,(anonymous_21)
FN:601,(anonymous_22)
FN:605,(anonymous_23)
FN:606,(anonymous_24)
FN:627,(anonymous_25)
FN:642,(anonymous_26)
FN:669,(anonymous_27)
FNF:28
FNH:1
FNDA:18,(anonymous_0)
FNDA:0,(anonymous_1)
FNDA:0,(anonymous_2)
FNDA:0,(anonymous_3)
FNDA:0,(anonymous_4)
FNDA:0,(anonymous_5)
FNDA:0,(anonymous_6)
FNDA:0,(anonymous_7)
FNDA:0,(anonymous_8)
FNDA:0,(anonymous_9)
FNDA:0,(anonymous_10)
FNDA:0,(anonymous_11)
FNDA:0,(anonymous_12)
FNDA:0,(anonymous_13)
FNDA:0,(anonymous_14)
FNDA:0,(anonymous_15)
FNDA:0,(anonymous_16)
FNDA:0,(anonymous_17)
FNDA:0,(anonymous_18)
FNDA:0,(anonymous_19)
FNDA:0,(anonymous_20)
FNDA:0,(anonymous_21)
FNDA:0,(anonymous_22)
FNDA:0,(anonymous_23)
FNDA:0,(anonymous_24)
FNDA:0,(anonymous_25)
FNDA:0,(anonymous_26)
FNDA:0,(anonymous_27)
DA:20,1
DA:69,1
DA:84,1
DA:85,18
DA:86,18
DA:94,1
DA:95,0
DA:96,0
DA:99,0
DA:100,0
DA:102,0
DA:116,0
DA:118,0
DA:129,0
DA:130,0
DA:142,1
DA:143,0
DA:144,0
DA:150,0
DA:151,0
DA:152,0
DA:153,0
DA:159,0
DA:161,0
DA:162,0
DA:172,1
DA:173,0
DA:174,0
DA:180,0
DA:181,0
DA:182,0
DA:183,0
DA:189,0
DA:191,0
DA:192,0
DA:202,1
DA:203,0
DA:209,0
DA:210,0
DA:211,0
DA:212,0
DA:217,0
DA:226,1
DA:227,0
DA:228,0
DA:230,0
DA:231,0
DA:236,0
DA:239,0
DA:240,0
DA:249,1
DA:250,0
DA:251,0
DA:256,0
DA:258,0
DA:259,0
DA:260,0
DA:265,0
DA:268,0
DA:269,0
DA:279,1
DA:280,0
DA:281,0
DA:283,0
DA:288,0
DA:293,0
DA:294,0
DA:304,1
DA:305,0
DA:306,0
DA:308,0
DA:310,0
DA:315,0
DA:317,0
DA:320,0
DA:321,0
DA:322,0
DA:323,0
DA:324,0
DA:328,0
DA:329,0
DA:330,0
DA:331,0
DA:335,0
DA:337,0
DA:343,0
DA:344,0
DA:356,1
DA:357,0
DA:358,0
DA:361,0
DA:362,0
DA:363,0
DA:364,0
DA:367,0
DA:368,0
DA:369,0
DA:370,0
DA:372,0
DA:373,0
DA:374,0
DA:378,0
DA:381,0
DA:382,0
DA:389,0
DA:391,0
DA:392,0
DA:393,0
DA:397,0
DA:398,0
DA:399,0
DA:400,0
DA:403,0
DA:404,0
DA:405,0
DA:408,0
DA:411,0
DA:413,0
DA:418,0
DA:420,0
DA:421,0
DA:422,0
DA:426,0
DA:443,0
DA:444,0
DA:446,0
DA:448,0
DA:454,0
DA:455,0
DA:464,1
DA:465,0
DA:466,0
DA:469,0
DA:470,0
DA:476,0
DA:478,0
DA:479,0
DA:482,0
DA:485,0
DA:486,0
DA:487,0
DA:493,0
DA:495,0
DA:496,0
DA:497,0
DA:502,0
DA:505,0
DA:510,0
DA:514,0
DA:516,0
DA:524,0
DA:526,0
DA:540,1
DA:541,0
DA:542,0
DA:544,0
DA:545,0
DA:551,0
DA:553,0
DA:560,0
DA:561,0
DA:573,0
DA:579,0
DA:580,0
DA:592,1
DA:593,0
DA:594,0
DA:596,0
DA:598,0
DA:599,0
DA:601,0
DA:605,0
DA:606,0
DA:609,0
DA:611,0
DA:612,0
DA:627,1
DA:628,0
DA:629,0
DA:630,0
DA:632,0
DA:633,0
DA:642,1
DA:643,0
DA:645,0
DA:646,0
DA:647,0
DA:651,0
DA:652,0
DA:654,0
DA:659,0
DA:660,0
DA:669,1
DA:670,0
DA:674,0
DA:677,0
DA:680,0
DA:681,0
LF:198
LH:20
BRDA:84,0,0,0
BRDA:106,1,0,0
BRDA:106,1,1,0
BRDA:107,2,0,0
BRDA:107,2,1,0
BRDA:230,3,0,0
BRDA:230,3,1,0
BRDA:258,4,0,0
BRDA:258,4,1,0
BRDA:320,5,0,0
BRDA:320,5,1,0
BRDA:323,6,0,0
BRDA:323,6,1,0
BRDA:330,7,0,0
BRDA:330,7,1,0
BRDA:339,8,0,0
BRDA:339,8,1,0
BRDA:340,9,0,0
BRDA:340,9,1,0
BRDA:346,10,0,0
BRDA:346,10,1,0
BRDA:362,11,0,0
BRDA:362,11,1,0
BRDA:369,12,0,0
BRDA:369,12,1,0
BRDA:370,13,0,0
BRDA:370,13,1,0
BRDA:370,13,2,0
BRDA:372,14,0,0
BRDA:372,14,1,0
BRDA:378,15,0,0
BRDA:378,15,1,0
BRDA:391,16,0,0
BRDA:391,16,1,0
BRDA:399,17,0,0
BRDA:399,17,1,0
BRDA:403,18,0,0
BRDA:403,18,1,0
BRDA:420,19,0,0
BRDA:420,19,1,0
BRDA:437,20,0,0
BRDA:437,20,1,0
BRDA:478,21,0,0
BRDA:478,21,1,0
BRDA:519,22,0,0
BRDA:519,22,1,0
BRDA:540,23,0,0
BRDA:544,24,0,0
BRDA:544,24,1,0
BRDA:555,25,0,0
BRDA:555,25,1,0
BRDA:560,26,0,0
BRDA:560,26,1,0
BRDA:567,27,0,0
BRDA:567,27,1,0
BRDA:568,28,0,0
BRDA:568,28,1,0
BRDA:569,29,0,0
BRDA:569,29,1,0
BRDA:601,30,0,0
BRDA:601,30,1,0
BRDA:646,31,0,0
BRDA:646,31,1,0
BRDA:652,32,0,0
BRDA:652,32,1,0
BRDA:670,33,0,0
BRDA:670,33,1,0
BRDA:670,34,0,0
BRDA:670,34,1,0
BRDA:677,35,0,0
BRDA:677,35,1,0
BRDA:677,36,0,0
BRDA:677,36,1,0
BRF:73
BRH:0
end_of_record
TN:
SF:services\binService.optimized.js
FN:33,(anonymous_0)
FN:47,(anonymous_1)
FN:57,(anonymous_2)
FN:67,(anonymous_3)
FN:77,(anonymous_4)
FN:87,(anonymous_5)
FN:88,(anonymous_6)
FN:90,(anonymous_7)
FN:103,(anonymous_8)
FN:111,(anonymous_9)
FN:112,(anonymous_10)
FN:114,(anonymous_11)
FN:125,(anonymous_12)
FN:153,(anonymous_13)
FN:173,(anonymous_14)
FN:189,(anonymous_15)
FN:218,(anonymous_16)
FN:233,(anonymous_17)
FN:303,(anonymous_18)
FN:422,(anonymous_19)
FN:449,(anonymous_20)
FN:452,(anonymous_21)
FN:458,(anonymous_22)
FN:459,(anonymous_23)
FN:501,(anonymous_24)
FN:534,(anonymous_25)
FN:582,(anonymous_26)
FN:595,(anonymous_27)
FN:610,(anonymous_28)
FN:613,(anonymous_29)
FNF:30
FNH:0
FNDA:0,(anonymous_0)
FNDA:0,(anonymous_1)
FNDA:0,(anonymous_2)
FNDA:0,(anonymous_3)
FNDA:0,(anonymous_4)
FNDA:0,(anonymous_5)
FNDA:0,(anonymous_6)
FNDA:0,(anonymous_7)
FNDA:0,(anonymous_8)
FNDA:0,(anonymous_9)
FNDA:0,(anonymous_10)
FNDA:0,(anonymous_11)
FNDA:0,(anonymous_12)
FNDA:0,(anonymous_13)
FNDA:0,(anonymous_14)
FNDA:0,(anonymous_15)
FNDA:0,(anonymous_16)
FNDA:0,(anonymous_17)
FNDA:0,(anonymous_18)
FNDA:0,(anonymous_19)
FNDA:0,(anonymous_20)
FNDA:0,(anonymous_21)
FNDA:0,(anonymous_22)
FNDA:0,(anonymous_23)
FNDA:0,(anonymous_24)
FNDA:0,(anonymous_25)
FNDA:0,(anonymous_26)
FNDA:0,(anonymous_27)
FNDA:0,(anonymous_28)
FNDA:0,(anonymous_29)
DA:33,0
DA:34,0
DA:35,0
DA:36,0
DA:37,0
DA:39,0
DA:40,0
DA:47,0
DA:48,0
DA:49,0
DA:56,0
DA:57,0
DA:59,0
DA:60,0
DA:67,0
DA:68,0
DA:69,0
DA:76,0
DA:77,0
DA:79,0
DA:80,0
DA:87,0
DA:88,0
DA:89,0
DA:90,0
DA:92,0
DA:103,0
DA:104,0
DA:111,0
DA:112,0
DA:113,0
DA:115,0
DA:116,0
DA:125,0
DA:126,0
DA:127,0
DA:140,0
DA:141,0
DA:143,0
DA:144,0
DA:153,0
DA:154,0
DA:155,0
DA:156,0
DA:157,0
DA:161,0
DA:162,0
DA:164,0
DA:165,0
DA:166,0
DA:173,0
DA:174,0
DA:175,0
DA:179,0
DA:181,0
DA:182,0
DA:189,0
DA:190,0
DA:191,0
DA:192,0
DA:194,0
DA:195,0
DA:198,0
DA:200,0
DA:206,0
DA:208,0
DA:209,0
DA:218,0
DA:219,0
DA:220,0
DA:221,0
DA:223,0
DA:224,0
DA:233,0
DA:234,0
DA:235,0
DA:238,0
DA:239,0
DA:240,0
DA:241,0
DA:243,0
DA:246,0
DA:247,0
DA:248,0
DA:249,0
DA:252,0
DA:253,0
DA:254,0
DA:255,0
DA:256,0
DA:258,0
DA:261,0
DA:263,0
DA:264,0
DA:265,0
DA:268,0
DA:271,0
DA:272,0
DA:273,0
DA:275,0
DA:277,0
DA:285,0
DA:286,0
DA:288,0
DA:291,0
DA:292,0
DA:293,0
DA:295,0
DA:296,0
DA:297,0
DA:298,0
DA:299,0
DA:300,0
DA:303,0
DA:304,0
DA:306,0
DA:307,0
DA:308,0
DA:311,0
DA:314,0
DA:315,0
DA:316,0
DA:318,0
DA:319,0
DA:320,0
DA:323,0
DA:325,0
DA:327,0
DA:334,0
DA:336,0
DA:338,0
DA:339,0
DA:341,0
DA:344,0
DA:351,0
DA:352,0
DA:354,0
DA:361,0
DA:365,0
DA:387,0
DA:388,0
DA:391,0
DA:392,0
DA:394,0
DA:400,0
DA:403,0
DA:406,0
DA:410,0
DA:411,0
DA:414,0
DA:415,0
DA:422,0
DA:423,0
DA:424,0
DA:426,0
DA:427,0
DA:428,0
DA:429,0
DA:431,0
DA:434,0
DA:435,0
DA:441,0
DA:442,0
DA:444,0
DA:446,0
DA:447,0
DA:448,0
DA:449,0
DA:452,0
DA:454,0
DA:455,0
DA:458,0
DA:459,0
DA:462,0
DA:463,0
DA:464,0
DA:465,0
DA:468,0
DA:469,0
DA:471,0
DA:473,0
DA:474,0
DA:477,0
DA:478,0
DA:479,0
DA:480,0
DA:481,0
DA:482,0
DA:483,0
DA:485,0
DA:491,0
DA:495,0
DA:500,0
DA:501,0
DA:502,0
DA:504,0
DA:511,0
DA:514,0
DA:516,0
DA:520,0
DA:521,0
DA:523,0
DA:524,0
DA:525,0
DA:534,0
DA:535,0
DA:536,0
DA:537,0
DA:540,0
DA:541,0
DA:542,0
DA:543,0
DA:544,0
DA:548,0
DA:550,0
DA:552,0
DA:553,0
DA:554,0
DA:557,0
DA:558,0
DA:559,0
DA:563,0
DA:564,0
DA:570,0
DA:571,0
DA:572,0
DA:582,0
DA:583,0
DA:585,0
DA:586,0
DA:587,0
DA:591,0
DA:592,0
DA:595,0
DA:596,0
DA:600,0
DA:602,0
DA:603,0
DA:610,0
DA:611,0
DA:613,0
DA:614,0
DA:618,0
DA:620,0
DA:621,0
LF:245
LH:0
BRDA:36,0,0,0
BRDA:36,0,1,0
BRDA:47,1,0,0
BRDA:90,2,0,0
BRDA:90,2,1,0
BRDA:103,3,0,0
BRDA:129,4,0,0
BRDA:129,4,1,0
BRDA:131,5,0,0
BRDA:131,5,1,0
BRDA:132,6,0,0
BRDA:132,6,1,0
BRDA:194,7,0,0
BRDA:194,7,1,0
BRDA:198,8,0,0
BRDA:198,8,1,0
BRDA:239,9,0,0
BRDA:239,9,1,0
BRDA:247,10,0,0
BRDA:247,10,1,0
BRDA:254,11,0,0
BRDA:254,11,1,0
BRDA:255,12,0,0
BRDA:255,12,1,0
BRDA:256,13,0,0
BRDA:256,13,1,0
BRDA:261,14,0,0
BRDA:261,14,1,0
BRDA:263,15,0,0
BRDA:263,15,1,0
BRDA:303,16,0,0
BRDA:303,16,1,0
BRDA:306,17,0,0
BRDA:306,17,1,0
BRDA:314,18,0,0
BRDA:314,18,1,0
BRDA:315,19,0,0
BRDA:315,19,1,0
BRDA:316,20,0,0
BRDA:316,20,1,0
BRDA:318,21,0,0
BRDA:318,21,1,0
BRDA:318,22,0,0
BRDA:318,22,1,0
BRDA:336,23,0,0
BRDA:336,23,1,0
BRDA:344,24,0,0
BRDA:344,24,1,0
BRDA:351,25,0,0
BRDA:351,25,1,0
BRDA:427,26,0,0
BRDA:427,26,1,0
BRDA:448,27,0,0
BRDA:448,27,1,0
BRDA:454,28,0,0
BRDA:454,28,1,0
BRDA:463,29,0,0
BRDA:463,29,1,0
BRDA:471,30,0,0
BRDA:471,30,1,0
BRDA:479,31,0,0
BRDA:479,31,1,0
BRDA:481,32,0,0
BRDA:481,32,1,0
BRDA:481,33,0,0
BRDA:481,33,1,0
BRDA:543,34,0,0
BRDA:543,34,1,0
BRDA:550,35,0,0
BRDA:550,35,1,0
BRDA:566,36,0,0
BRDA:566,36,1,0
BRDA:582,37,0,0
BRDA:586,38,0,0
BRDA:586,38,1,0
BRDA:591,39,0,0
BRDA:591,39,1,0
BRF:77
BRH:0
end_of_record
TN:
SF:services\bookingService.js
FN:21,(anonymous_0)
FN:50,(anonymous_1)
FN:60,(anonymous_2)
FN:80,(anonymous_3)
FN:87,(anonymous_4)
FN:89,(anonymous_5)
FN:104,(anonymous_6)
FN:115,(anonymous_7)
FN:135,(anonymous_8)
FN:143,(anonymous_9)
FN:145,(anonymous_10)
FN:160,(anonymous_11)
FN:170,(anonymous_12)
FN:190,(anonymous_13)
FN:197,(anonymous_14)
FN:199,(anonymous_15)
FN:214,(anonymous_16)
FN:238,(anonymous_17)
FN:272,(anonymous_18)
FN:300,(anonymous_19)
FN:329,(anonymous_20)
FN:345,(anonymous_21)
FN:369,(anonymous_22)
FN:395,(anonymous_23)
FN:410,(anonymous_24)
FN:426,(anonymous_25)
FNF:26
FNH:4
FNDA:0,(anonymous_0)
FNDA:0,(anonymous_1)
FNDA:0,(anonymous_2)
FNDA:0,(anonymous_3)
FNDA:0,(anonymous_4)
FNDA:0,(anonymous_5)
FNDA:0,(anonymous_6)
FNDA:0,(anonymous_7)
FNDA:0,(anonymous_8)
FNDA:0,(anonymous_9)
FNDA:0,(anonymous_10)
FNDA:0,(anonymous_11)
FNDA:0,(anonymous_12)
FNDA:0,(anonymous_13)
FNDA:0,(anonymous_14)
FNDA:0,(anonymous_15)
FNDA:0,(anonymous_16)
FNDA:0,(anonymous_17)
FNDA:0,(anonymous_18)
FNDA:0,(anonymous_19)
FNDA:0,(anonymous_20)
FNDA:0,(anonymous_21)
FNDA:10,(anonymous_22)
FNDA:16,(anonymous_23)
FNDA:22,(anonymous_24)
FNDA:16,(anonymous_25)
DA:21,1
DA:22,0
DA:23,0
DA:31,0
DA:37,0
DA:38,0
DA:50,1
DA:51,0
DA:52,0
DA:58,0
DA:59,0
DA:60,0
DA:61,0
DA:67,0
DA:69,0
DA:70,0
DA:80,1
DA:81,0
DA:87,0
DA:88,0
DA:89,0
DA:90,0
DA:95,0
DA:104,1
DA:105,0
DA:106,0
DA:113,0
DA:114,0
DA:115,0
DA:116,0
DA:122,0
DA:124,0
DA:125,0
DA:135,1
DA:136,0
DA:143,0
DA:144,0
DA:145,0
DA:146,0
DA:151,0
DA:160,1
DA:161,0
DA:162,0
DA:168,0
DA:169,0
DA:170,0
DA:171,0
DA:177,0
DA:179,0
DA:180,0
DA:190,1
DA:191,0
DA:197,0
DA:198,0
DA:199,0
DA:200,0
DA:205,0
DA:214,1
DA:215,0
DA:216,0
DA:218,0
DA:219,0
DA:224,0
DA:227,0
DA:228,0
DA:238,1
DA:239,0
DA:240,0
DA:242,0
DA:252,0
DA:257,0
DA:258,0
DA:272,1
DA:273,0
DA:274,0
DA:276,0
DA:284,0
DA:289,0
DA:290,0
DA:300,1
DA:301,0
DA:302,0
DA:304,0
DA:311,0
DA:316,0
DA:317,0
DA:329,1
DA:330,0
DA:331,0
DA:336,0
DA:337,0
DA:345,0
DA:346,0
DA:347,0
DA:348,0
DA:351,0
DA:353,0
DA:354,0
DA:369,1
DA:370,10
DA:372,6
DA:373,6
DA:375,6
DA:380,6
DA:386,6
DA:395,1
DA:396,16
DA:398,12
DA:399,12
DA:400,12
DA:402,12
DA:410,1
DA:411,22
DA:418,22
DA:426,1
DA:427,16
DA:434,16
LF:117
LH:31
BRDA:218,0,0,0
BRDA:218,0,1,0
BRDA:248,1,0,0
BRDA:248,1,1,0
BRDA:272,2,0,0
BRDA:279,3,0,0
BRDA:279,3,1,0
BRDA:280,4,0,0
BRDA:280,4,1,0
BRDA:348,5,0,0
BRDA:348,5,1,0
BRDA:370,6,0,4
BRDA:370,6,1,6
BRDA:370,7,0,10
BRDA:370,7,1,9
BRDA:370,7,2,7
BRDA:396,8,0,4
BRDA:396,8,1,12
BRDA:396,9,0,16
BRDA:396,9,1,14
BRDA:396,9,2,13
BRDA:396,9,3,12
BRDA:402,10,0,12
BRDA:402,10,1,10
BRDA:418,11,0,22
BRDA:418,11,1,6
BRDA:434,12,0,16
BRDA:434,12,1,4
BRF:28
BRH:17
end_of_record
TN:
SF:services\collectionService.js
FN:25,(anonymous_0)
FN:80,(anonymous_1)
FN:92,(anonymous_2)
FN:114,(anonymous_3)
FN:129,(anonymous_4)
FN:150,(anonymous_5)
FN:170,(anonymous_6)
FN:189,(anonymous_7)
FN:195,(anonymous_8)
FN:214,(anonymous_9)
FN:224,(anonymous_10)
FN:243,(anonymous_11)
FN:251,(anonymous_12)
FN:261,(anonymous_13)
FN:263,(anonymous_14)
FN:278,(anonymous_15)
FN:297,(anonymous_16)
FNF:17
FNH:0
FNDA:0,(anonymous_0)
FNDA:0,(anonymous_1)
FNDA:0,(anonymous_2)
FNDA:0,(anonymous_3)
FNDA:0,(anonymous_4)
FNDA:0,(anonymous_5)
FNDA:0,(anonymous_6)
FNDA:0,(anonymous_7)
FNDA:0,(anonymous_8)
FNDA:0,(anonymous_9)
FNDA:0,(anonymous_10)
FNDA:0,(anonymous_11)
FNDA:0,(anonymous_12)
FNDA:0,(anonymous_13)
FNDA:0,(anonymous_14)
FNDA:0,(anonymous_15)
FNDA:0,(anonymous_16)
DA:7,0
DA:26,0
DA:27,0
DA:29,0
DA:47,0
DA:50,0
DA:51,0
DA:52,0
DA:53,0
DA:58,0
DA:60,0
DA:65,0
DA:70,0
DA:71,0
DA:81,0
DA:83,0
DA:84,0
DA:85,0
DA:87,0
DA:88,0
DA:89,0
DA:92,0
DA:93,0
DA:96,0
DA:102,0
DA:103,0
DA:115,0
DA:116,0
DA:117,0
DA:119,0
DA:120,0
DA:128,0
DA:129,0
DA:138,0
DA:139,0
DA:151,0
DA:152,0
DA:153,0
DA:159,0
DA:160,0
DA:169,0
DA:170,0
DA:179,0
DA:180,0
DA:190,0
DA:191,0
DA:192,0
DA:193,0
DA:195,0
DA:204,0
DA:205,0
DA:215,0
DA:216,0
DA:217,0
DA:223,0
DA:224,0
DA:233,0
DA:234,0
DA:244,0
DA:245,0
DA:246,0
DA:250,0
DA:251,0
DA:253,0
DA:261,0
DA:263,0
DA:264,0
DA:268,0
DA:269,0
DA:273,0
DA:274,0
DA:278,0
DA:279,0
DA:280,0
DA:283,0
DA:285,0
DA:286,0
DA:298,0
DA:299,0
DA:301,0
DA:312,0
DA:313,0
LF:82
LH:0
BRDA:31,0,0,0
BRDA:31,0,1,0
BRDA:34,1,0,0
BRDA:34,1,1,0
BRDA:35,2,0,0
BRDA:35,2,1,0
BRDA:36,3,0,0
BRDA:36,3,1,0
BRDA:37,4,0,0
BRDA:37,4,1,0
BRDA:38,5,0,0
BRDA:38,5,1,0
BRDA:39,6,0,0
BRDA:39,6,1,0
BRDA:40,7,0,0
BRDA:40,7,1,0
BRDA:41,8,0,0
BRDA:41,8,1,0
BRDA:42,9,0,0
BRDA:42,9,1,0
BRDA:50,10,0,0
BRDA:50,10,1,0
BRDA:87,11,0,0
BRDA:87,11,1,0
BRDA:93,12,0,0
BRDA:93,12,1,0
BRDA:114,13,0,0
BRDA:114,14,0,0
BRDA:119,15,0,0
BRDA:119,15,1,0
BRDA:119,16,0,0
BRDA:119,16,1,0
BRDA:150,17,0,0
BRDA:150,18,0,0
BRDA:159,19,0,0
BRDA:159,19,1,0
BRDA:159,20,0,0
BRDA:159,20,1,0
BRDA:214,21,0,0
BRDA:243,22,0,0
BRDA:246,23,0,0
BRDA:246,23,1,0
BRDA:263,24,0,0
BRDA:263,24,1,0
BRDA:264,25,0,0
BRDA:264,25,1,0
BRDA:268,26,0,0
BRDA:268,26,1,0
BRDA:273,27,0,0
BRDA:273,27,1,0
BRDA:274,28,0,0
BRDA:274,28,1,0
BRDA:279,29,0,0
BRDA:279,29,1,0
BRDA:297,30,0,0
BRF:55
BRH:0
end_of_record
TN:
SF:services\mockCleanerApi.js
FN:1,(anonymous_0)
FN:1,(anonymous_1)
FN:4,(anonymous_2)
FN:21,(anonymous_3)
FN:39,(anonymous_4)
FN:48,(anonymous_5)
FN:60,(anonymous_6)
FN:70,(anonymous_7)
FN:74,(anonymous_8)
FN:83,(anonymous_9)
FN:88,(anonymous_10)
FN:97,(anonymous_11)
FN:102,(anonymous_12)
FN:110,(anonymous_13)
FNF:14
FNH:0
FNDA:0,(anonymous_0)
FNDA:0,(anonymous_1)
FNDA:0,(anonymous_2)
FNDA:0,(anonymous_3)
FNDA:0,(anonymous_4)
FNDA:0,(anonymous_5)
FNDA:0,(anonymous_6)
FNDA:0,(anonymous_7)
FNDA:0,(anonymous_8)
FNDA:0,(anonymous_9)
FNDA:0,(anonymous_10)
FNDA:0,(anonymous_11)
FNDA:0,(anonymous_12)
FNDA:0,(anonymous_13)
DA:1,0
DA:3,0
DA:5,0
DA:6,0
DA:22,0
DA:23,0
DA:40,0
DA:41,0
DA:49,0
DA:50,0
DA:61,0
DA:62,0
DA:71,0
DA:73,0
DA:74,0
DA:75,0
DA:80,0
DA:84,0
DA:85,0
DA:89,0
DA:90,0
DA:98,0
DA:99,0
DA:103,0
DA:104,0
DA:111,0
DA:112,0
LF:27
LH:0
BRDA:1,0,0,0
BRDA:52,1,0,0
BRDA:52,1,1,0
BRDA:65,2,0,0
BRDA:65,2,1,0
BRDA:75,3,0,0
BRDA:75,3,1,0
BRF:7
BRH:0
end_of_record
TN:
SF:services\mockCustomerApi.js
FN:6,(anonymous_0)
FN:47,(anonymous_1)
FN:67,(anonymous_2)
FN:85,(anonymous_3)
FN:105,(anonymous_4)
FN:120,(anonymous_5)
FN:137,(anonymous_6)
FN:154,(anonymous_7)
FN:182,(anonymous_8)
FN:210,(anonymous_9)
FN:268,(anonymous_10)
FN:296,(anonymous_11)
FN:313,(anonymous_12)
FN:345,(anonymous_13)
FN:345,(anonymous_14)
FN:348,(anonymous_15)
FN:350,(anonymous_16)
FNF:17
FNH:0
FNDA:0,(anonymous_0)
FNDA:0,(anonymous_1)
FNDA:0,(anonymous_2)
FNDA:0,(anonymous_3)
FNDA:0,(anonymous_4)
FNDA:0,(anonymous_5)
FNDA:0,(anonymous_6)
FNDA:0,(anonymous_7)
FNDA:0,(anonymous_8)
FNDA:0,(anonymous_9)
FNDA:0,(anonymous_10)
FNDA:0,(anonymous_11)
FNDA:0,(anonymous_12)
FNDA:0,(anonymous_13)
FNDA:0,(anonymous_14)
FNDA:0,(anonymous_15)
FNDA:0,(anonymous_16)
DA:4,0
DA:6,0
DA:47,0
DA:67,0
DA:85,0
DA:105,0
DA:120,0
DA:137,0
DA:154,0
DA:182,0
DA:210,0
DA:268,0
DA:296,0
DA:313,0
DA:345,0
DA:348,0
DA:349,0
DA:350,0
DA:351,0
DA:352,0
LF:20
LH:0
BRF:0
BRH:0
end_of_record
TN:
SF:services\mockData.js
FNF:0
FNH:0
LF:0
LH:0
BRF:0
BRH:0
end_of_record
TN:
SF:services\mockScheduleData.js
FN:3,(anonymous_0)
FN:28,(anonymous_1)
FN:88,(anonymous_2)
FN:90,(anonymous_3)
FN:91,(anonymous_4)
FN:109,(anonymous_5)
FN:110,(anonymous_6)
FN:111,(anonymous_7)
FN:120,(anonymous_8)
FN:121,(anonymous_9)
FN:122,(anonymous_10)
FNF:11
FNH:0
FNDA:0,(anonymous_0)
FNDA:0,(anonymous_1)
FNDA:0,(anonymous_2)
FNDA:0,(anonymous_3)
FNDA:0,(anonymous_4)
FNDA:0,(anonymous_5)
FNDA:0,(anonymous_6)
FNDA:0,(anonymous_7)
FNDA:0,(anonymous_8)
FNDA:0,(anonymous_9)
FNDA:0,(anonymous_10)
DA:3,0
DA:4,0
DA:5,0
DA:8,0
DA:9,0
DA:10,0
DA:11,0
DA:13,0
DA:25,0
DA:28,0
DA:29,0
DA:88,0
DA:90,0
DA:91,0
DA:92,0
DA:109,0
DA:110,0
DA:111,0
DA:112,0
DA:120,0
DA:121,0
DA:122,0
DA:123,0
LF:23
LH:0
BRF:0
BRH:0
end_of_record
TN:
SF:services\paymentService.js
FN:31,(anonymous_0)
FN:48,(anonymous_1)
FN:88,(anonymous_2)
FN:117,(anonymous_3)
FN:129,(anonymous_4)
FN:145,(anonymous_5)
FN:160,(anonymous_6)
FN:251,(anonymous_7)
FN:293,(anonymous_8)
FN:346,(anonymous_9)
FN:393,(anonymous_10)
FN:422,(anonymous_11)
FN:434,(anonymous_12)
FN:457,(anonymous_13)
FN:470,(anonymous_14)
FN:492,(anonymous_15)
FN:510,(anonymous_16)
FN:521,(anonymous_17)
FN:522,(anonymous_18)
FN:542,(anonymous_19)
FN:555,(anonymous_20)
FNF:21
FNH:7
FNDA:27,(anonymous_0)
FNDA:23,(anonymous_1)
FNDA:21,(anonymous_2)
FNDA:21,(anonymous_3)
FNDA:4,(anonymous_4)
FNDA:13,(anonymous_5)
FNDA:13,(anonymous_6)
FNDA:0,(anonymous_7)
FNDA:0,(anonymous_8)
FNDA:0,(anonymous_9)
FNDA:0,(anonymous_10)
FNDA:0,(anonymous_11)
FNDA:0,(anonymous_12)
FNDA:0,(anonymous_13)
FNDA:0,(anonymous_14)
FNDA:0,(anonymous_15)
FNDA:0,(anonymous_16)
FNDA:0,(anonymous_17)
FNDA:0,(anonymous_18)
FNDA:0,(anonymous_19)
FNDA:0,(anonymous_20)
DA:11,1
DA:19,1
DA:31,1
DA:32,27
DA:34,27
DA:35,50
DA:36,25
DA:40,2
DA:48,1
DA:49,23
DA:52,23
DA:53,16
DA:57,7
DA:58,4
DA:62,3
DA:63,3
DA:65,3
DA:66,48
DA:68,48
DA:69,24
DA:70,24
DA:71,16
DA:75,48
DA:76,48
DA:79,3
DA:88,1
DA:89,21
DA:90,21
DA:92,21
DA:93,3
DA:96,21
DA:97,3
DA:100,18
DA:101,18
DA:102,18
DA:104,18
DA:105,3
DA:108,15
DA:117,1
DA:118,21
DA:120,20
DA:121,20
DA:129,1
DA:130,4
DA:131,4
DA:133,4
DA:134,1
DA:136,3
DA:145,1
DA:155,13
DA:157,13
DA:160,13
DA:163,13
DA:165,13
DA:166,1
DA:176,12
DA:177,1
DA:187,11
DA:188,11
DA:189,1
DA:199,10
DA:200,1
DA:211,9
DA:212,1
DA:223,8
DA:225,8
DA:245,1
DA:252,0
DA:253,0
DA:255,0
DA:257,0
DA:260,0
DA:274,0
DA:276,0
DA:283,0
DA:284,0
DA:294,0
DA:295,0
DA:297,0
DA:299,0
DA:300,0
DA:303,0
DA:306,0
DA:309,0
DA:325,0
DA:327,0
DA:335,0
DA:336,0
DA:347,0
DA:349,0
DA:352,0
DA:358,0
DA:360,0
DA:368,0
DA:371,0
DA:377,0
DA:380,0
DA:382,0
DA:383,0
DA:394,0
DA:395,0
DA:397,0
DA:403,0
DA:404,0
DA:407,0
DA:409,0
DA:410,0
DA:412,0
DA:413,0
DA:423,0
DA:424,0
DA:425,0
DA:431,0
DA:432,0
DA:434,0
DA:435,0
DA:436,0
DA:445,0
DA:447,0
DA:448,0
DA:458,0
DA:459,0
DA:460,0
DA:467,0
DA:468,0
DA:470,0
DA:471,0
DA:472,0
DA:480,0
DA:482,0
DA:483,0
DA:493,0
DA:494,0
DA:495,0
DA:496,0
DA:498,0
DA:499,0
DA:507,0
DA:508,0
DA:510,0
DA:511,0
DA:512,0
DA:521,0
DA:522,0
DA:524,0
DA:532,0
DA:533,0
DA:543,0
DA:544,0
DA:545,0
DA:551,0
DA:552,0
DA:553,0
DA:555,0
DA:556,0
DA:557,0
DA:564,0
DA:565,0
DA:568,0
DA:574,0
DA:575,0
LF:161
LH:67
BRDA:35,0,0,25
BRDA:35,0,1,25
BRDA:52,1,0,16
BRDA:52,1,1,7
BRDA:57,2,0,4
BRDA:57,2,1,3
BRDA:68,3,0,24
BRDA:68,3,1,24
BRDA:70,4,0,16
BRDA:70,4,1,8
BRDA:92,5,0,3
BRDA:92,5,1,18
BRDA:96,6,0,3
BRDA:96,6,1,18
BRDA:96,7,0,21
BRDA:96,7,1,20
BRDA:104,8,0,3
BRDA:104,8,1,15
BRDA:104,9,0,18
BRDA:104,9,1,15
BRDA:104,9,2,9
BRDA:117,10,0,6
BRDA:118,11,0,1
BRDA:118,11,1,20
BRDA:120,12,0,3
BRDA:120,12,1,17
BRDA:121,13,0,20
BRDA:121,13,1,19
BRDA:133,14,0,1
BRDA:133,14,1,3
BRDA:153,15,0,11
BRDA:154,16,0,11
BRDA:165,17,0,1
BRDA:165,17,1,12
BRDA:176,18,0,1
BRDA:176,18,1,11
BRDA:188,19,0,1
BRDA:188,19,1,10
BRDA:199,20,0,1
BRDA:199,20,1,9
BRDA:199,21,0,10
BRDA:199,21,1,10
BRDA:211,22,0,1
BRDA:211,22,1,8
BRDA:223,23,0,8
BRDA:223,23,1,0
BRDA:253,24,0,0
BRDA:253,25,0,0
BRDA:265,26,0,0
BRDA:265,26,1,0
BRDA:299,27,0,0
BRDA:299,27,1,0
BRDA:306,28,0,0
BRDA:306,28,1,0
BRDA:317,29,0,0
BRDA:317,29,1,0
BRDA:354,30,0,0
BRDA:354,30,1,0
BRDA:358,31,0,0
BRDA:358,31,1,0
BRDA:393,32,0,0
BRDA:403,33,0,0
BRDA:403,33,1,0
BRDA:564,34,0,0
BRDA:564,34,1,0
BRF:65
BRH:45
end_of_record
TN:
SF:services\pickupService.js
FN:23,(anonymous_0)
FN:40,(anonymous_1)
FN:71,(anonymous_2)
FN:85,(anonymous_3)
FN:90,(anonymous_4)
FN:96,(anonymous_5)
FN:166,(anonymous_6)
FN:183,(anonymous_7)
FN:227,(anonymous_8)
FN:231,(anonymous_9)
FNF:10
FNH:0
FNDA:0,(anonymous_0)
FNDA:0,(anonymous_1)
FNDA:0,(anonymous_2)
FNDA:0,(anonymous_3)
FNDA:0,(anonymous_4)
FNDA:0,(anonymous_5)
FNDA:0,(anonymous_6)
FNDA:0,(anonymous_7)
FNDA:0,(anonymous_8)
FNDA:0,(anonymous_9)
DA:23,0
DA:24,0
DA:25,0
DA:28,0
DA:34,0
DA:36,0
DA:37,0
DA:40,0
DA:46,0
DA:47,0
DA:48,0
DA:51,0
DA:53,0
DA:54,0
DA:58,0
DA:59,0
DA:67,0
DA:69,0
DA:71,0
DA:84,0
DA:86,0
DA:87,0
DA:90,0
DA:91,0
DA:92,0
DA:93,0
DA:96,0
DA:97,0
DA:98,0
DA:101,0
DA:102,0
DA:103,0
DA:115,0
DA:118,0
DA:124,0
DA:125,0
DA:127,0
DA:130,0
DA:152,0
DA:153,0
DA:155,0
DA:156,0
DA:166,0
DA:167,0
DA:168,0
DA:171,0
DA:177,0
DA:179,0
DA:180,0
DA:183,0
DA:189,0
DA:190,0
DA:191,0
DA:194,0
DA:195,0
DA:196,0
DA:197,0
DA:199,0
DA:200,0
DA:204,0
DA:205,0
DA:213,0
DA:215,0
DA:216,0
DA:219,0
DA:220,0
DA:223,0
DA:224,0
DA:227,0
DA:228,0
DA:229,0
DA:231,0
DA:234,0
DA:235,0
DA:239,0
DA:242,0
DA:243,0
DA:244,0
DA:246,0
DA:252,0
DA:254,0
DA:256,0
DA:258,0
DA:273,0
DA:277,0
DA:278,0
DA:279,0
DA:284,0
DA:291,0
DA:293,0
DA:300,0
DA:301,0
LF:92
LH:0
BRDA:36,0,0,0
BRDA:36,0,1,0
BRDA:47,1,0,0
BRDA:47,1,1,0
BRDA:53,2,0,0
BRDA:53,2,1,0
BRDA:69,3,0,0
BRDA:69,3,1,0
BRDA:75,4,0,0
BRDA:75,4,1,0
BRDA:76,5,0,0
BRDA:76,5,1,0
BRDA:77,6,0,0
BRDA:77,6,1,0
BRDA:86,7,0,0
BRDA:86,7,1,0
BRDA:92,8,0,0
BRDA:92,8,1,0
BRDA:97,9,0,0
BRDA:97,9,1,0
BRDA:101,10,0,0
BRDA:101,10,1,0
BRDA:107,11,0,0
BRDA:107,11,1,0
BRDA:108,12,0,0
BRDA:108,12,1,0
BRDA:109,13,0,0
BRDA:109,13,1,0
BRDA:128,14,0,0
BRDA:128,14,1,0
BRDA:134,15,0,0
BRDA:134,15,1,0
BRDA:135,16,0,0
BRDA:135,16,1,0
BRDA:136,17,0,0
BRDA:136,17,1,0
BRDA:140,18,0,0
BRDA:140,18,1,0
BRDA:141,19,0,0
BRDA:141,19,1,0
BRDA:142,20,0,0
BRDA:142,20,1,0
BRDA:143,21,0,0
BRDA:143,21,1,0
BRDA:144,22,0,0
BRDA:144,22,1,0
BRDA:179,23,0,0
BRDA:179,23,1,0
BRDA:190,24,0,0
BRDA:190,24,1,0
BRDA:196,25,0,0
BRDA:196,25,1,0
BRDA:197,26,0,0
BRDA:197,26,1,0
BRDA:197,26,2,0
BRDA:199,27,0,0
BRDA:199,27,1,0
BRDA:215,28,0,0
BRDA:215,28,1,0
BRDA:224,29,0,0
BRDA:224,29,1,0
BRDA:229,30,0,0
BRDA:229,30,1,0
BRDA:234,31,0,0
BRDA:234,31,1,0
BRDA:254,32,0,0
BRDA:254,32,1,0
BRDA:256,33,0,0
BRDA:256,33,1,0
BRDA:269,34,0,0
BRDA:269,34,1,0
BRDA:278,35,0,0
BRDA:278,35,1,0
BRF:73
BRH:0
end_of_record
TN:
SF:services\scheduleService.js
FN:27,createSchedule
FN:63,updateSchedule
FN:82,deleteSchedule
FN:99,getSchedule
FN:123,getCollectorSchedules
FN:134,(anonymous_5)
FN:154,subscribeToSchedulesByZone
FN:165,(anonymous_7)
FN:167,(anonymous_8)
FN:174,(anonymous_9)
FN:186,getSchedulesByZoneAndDateRange
FN:200,(anonymous_11)
FN:219,getNextSchedule
FN:257,createBooking
FN:294,updateBookingStatus
FN:313,cancelBooking
FN:356,getCustomerBookings
FN:367,(anonymous_17)
FN:386,getScheduleBookings
FN:397,(anonymous_19)
FN:444,formatScheduleDate
FN:458,formatTimeRange
FN:465,getSchedulesForUserBins
FN:489,(anonymous_23)
FN:527,(anonymous_24)
FN:610,getSchedulesForUser
FN:680,(anonymous_26)
FN:707,(anonymous_27)
FNF:28
FNH:0
FNDA:0,createSchedule
FNDA:0,updateSchedule
FNDA:0,deleteSchedule
FNDA:0,getSchedule
FNDA:0,getCollectorSchedules
FNDA:0,(anonymous_5)
FNDA:0,subscribeToSchedulesByZone
FNDA:0,(anonymous_7)
FNDA:0,(anonymous_8)
FNDA:0,(anonymous_9)
FNDA:0,getSchedulesByZoneAndDateRange
FNDA:0,(anonymous_11)
FNDA:0,getNextSchedule
FNDA:0,createBooking
FNDA:0,updateBookingStatus
FNDA:0,cancelBooking
FNDA:0,getCustomerBookings
FNDA:0,(anonymous_17)
FNDA:0,getScheduleBookings
FNDA:0,(anonymous_19)
FNDA:0,formatScheduleDate
FNDA:0,formatTimeRange
FNDA:0,getSchedulesForUserBins
FNDA:0,(anonymous_23)
FNDA:0,(anonymous_24)
FNDA:0,getSchedulesForUser
FNDA:0,(anonymous_26)
FNDA:0,(anonymous_27)
DA:28,0
DA:30,0
DA:31,0
DA:32,0
DA:34,0
DA:43,0
DA:45,0
DA:47,0
DA:48,0
DA:50,0
DA:51,0
DA:52,0
DA:53,0
DA:54,0
DA:64,0
DA:65,0
DA:66,0
DA:71,0
DA:73,0
DA:74,0
DA:83,0
DA:84,0
DA:85,0
DA:87,0
DA:89,0
DA:90,0
DA:100,0
DA:101,0
DA:102,0
DA:104,0
DA:105,0
DA:110,0
DA:113,0
DA:114,0
DA:124,0
DA:125,0
DA:131,0
DA:132,0
DA:134,0
DA:135,0
DA:141,0
DA:143,0
DA:144,0
DA:155,0
DA:157,0
DA:165,0
DA:166,0
DA:167,0
DA:168,0
DA:173,0
DA:175,0
DA:187,0
DA:188,0
DA:197,0
DA:198,0
DA:200,0
DA:201,0
DA:207,0
DA:209,0
DA:210,0
DA:220,0
DA:221,0
DA:223,0
DA:231,0
DA:233,0
DA:234,0
DA:235,0
DA:241,0
DA:243,0
DA:244,0
DA:258,0
DA:260,0
DA:262,0
DA:263,0
DA:267,0
DA:275,0
DA:281,0
DA:282,0
DA:284,0
DA:285,0
DA:295,0
DA:296,0
DA:297,0
DA:302,0
DA:304,0
DA:305,0
DA:314,0
DA:316,0
DA:317,0
DA:319,0
DA:320,0
DA:323,0
DA:326,0
DA:332,0
DA:333,0
DA:335,0
DA:336,0
DA:337,0
DA:344,0
DA:346,0
DA:347,0
DA:357,0
DA:358,0
DA:364,0
DA:365,0
DA:367,0
DA:368,0
DA:374,0
DA:376,0
DA:377,0
DA:387,0
DA:388,0
DA:394,0
DA:395,0
DA:397,0
DA:398,0
DA:404,0
DA:406,0
DA:407,0
DA:418,0
DA:430,0
DA:445,0
DA:446,0
DA:459,0
DA:466,0
DA:467,0
DA:470,0
DA:471,0
DA:477,0
DA:483,0
DA:485,0
DA:486,0
DA:489,0
DA:494,0
DA:495,0
DA:497,0
DA:498,0
DA:505,0
DA:507,0
DA:508,0
DA:510,0
DA:516,0
DA:518,0
DA:519,0
DA:522,0
DA:525,0
DA:527,0
DA:528,0
DA:529,0
DA:537,0
DA:541,0
DA:545,0
DA:546,0
DA:547,0
DA:549,0
DA:550,0
DA:552,0
DA:553,0
DA:555,0
DA:559,0
DA:581,0
DA:585,0
DA:586,0
DA:598,0
DA:600,0
DA:601,0
DA:611,0
DA:612,0
DA:614,0
DA:615,0
DA:616,0
DA:619,0
DA:625,0
DA:626,0
DA:628,0
DA:630,0
DA:631,0
DA:632,0
DA:635,0
DA:636,0
DA:637,0
DA:639,0
DA:642,0
DA:643,0
DA:644,0
DA:646,0
DA:647,0
DA:649,0
DA:650,0
DA:652,0
DA:656,0
DA:657,0
DA:673,0
DA:674,0
DA:675,0
DA:678,0
DA:680,0
DA:691,0
DA:704,0
DA:707,0
DA:708,0
DA:709,0
DA:712,0
DA:713,0
DA:715,0
DA:716,0
LF:206
LH:0
BRDA:32,0,0,0
BRDA:32,0,1,0
BRDA:37,1,0,0
BRDA:37,1,1,0
BRDA:104,2,0,0
BRDA:104,2,1,0
BRDA:233,3,0,0
BRDA:233,3,1,0
BRDA:262,4,0,0
BRDA:262,4,1,0
BRDA:319,5,0,0
BRDA:319,5,1,0
BRDA:335,6,0,0
BRDA:335,6,1,0
BRDA:465,7,0,0
BRDA:470,8,0,0
BRDA:470,8,1,0
BRDA:485,9,0,0
BRDA:485,9,1,0
BRDA:518,10,0,0
BRDA:518,10,1,0
BRDA:525,11,0,0
BRDA:525,11,1,0
BRDA:525,12,0,0
BRDA:525,12,1,0
BRDA:528,13,0,0
BRDA:528,13,1,0
BRDA:546,14,0,0
BRDA:546,14,1,0
BRDA:547,15,0,0
BRDA:547,15,1,0
BRDA:547,16,0,0
BRDA:547,16,1,0
BRDA:550,17,0,0
BRDA:550,17,1,0
BRDA:553,18,0,0
BRDA:553,18,1,0
BRDA:569,19,0,0
BRDA:569,19,1,0
BRDA:570,20,0,0
BRDA:570,20,1,0
BRDA:572,21,0,0
BRDA:572,21,1,0
BRDA:573,22,0,0
BRDA:573,22,1,0
BRDA:574,23,0,0
BRDA:574,23,1,0
BRDA:585,24,0,0
BRDA:585,24,1,0
BRDA:631,25,0,0
BRDA:631,25,1,0
BRDA:635,26,0,0
BRDA:635,26,1,0
BRDA:637,27,0,0
BRDA:637,27,1,0
BRDA:643,28,0,0
BRDA:643,28,1,0
BRDA:644,29,0,0
BRDA:644,29,1,0
BRDA:644,30,0,0
BRDA:644,30,1,0
BRDA:647,31,0,0
BRDA:647,31,1,0
BRDA:650,32,0,0
BRDA:650,32,1,0
BRDA:656,33,0,0
BRDA:656,33,1,0
BRDA:656,34,0,0
BRDA:656,34,1,0
BRDA:660,35,0,0
BRDA:660,35,1,0
BRDA:661,36,0,0
BRDA:661,36,1,0
BRDA:662,37,0,0
BRDA:662,37,1,0
BRDA:663,38,0,0
BRDA:663,38,1,0
BRDA:664,39,0,0
BRDA:664,39,1,0
BRDA:665,40,0,0
BRDA:665,40,1,0
BRDA:673,41,0,0
BRDA:673,41,1,0
BRDA:678,42,0,0
BRDA:678,42,1,0
BRDA:678,43,0,0
BRDA:678,43,1,0
BRDA:708,44,0,0
BRDA:708,44,1,0
BRDA:708,45,0,0
BRDA:708,45,1,0
BRF:91
BRH:0
end_of_record
TN:
SF:services\stopsService.js
FN:24,(anonymous_0)
FN:50,(anonymous_1)
FN:69,(anonymous_2)
FN:97,(anonymous_3)
FN:101,(anonymous_4)
FN:131,(anonymous_5)
FN:142,(anonymous_6)
FN:162,(anonymous_7)
FN:170,(anonymous_8)
FN:171,(anonymous_9)
FN:181,(anonymous_10)
FN:190,(anonymous_11)
FN:196,(anonymous_12)
FN:197,(anonymous_13)
FN:198,(anonymous_14)
FN:199,(anonymous_15)
FN:200,(anonymous_16)
FN:224,(anonymous_17)
FN:247,(anonymous_18)
FN:269,(anonymous_19)
FN:294,(anonymous_20)
FN:311,(anonymous_21)
FN:317,(anonymous_22)
FNF:23
FNH:0
FNDA:0,(anonymous_0)
FNDA:0,(anonymous_1)
FNDA:0,(anonymous_2)
FNDA:0,(anonymous_3)
FNDA:0,(anonymous_4)
FNDA:0,(anonymous_5)
FNDA:0,(anonymous_6)
FNDA:0,(anonymous_7)
FNDA:0,(anonymous_8)
FNDA:0,(anonymous_9)
FNDA:0,(anonymous_10)
FNDA:0,(anonymous_11)
FNDA:0,(anonymous_12)
FNDA:0,(anonymous_13)
FNDA:0,(anonymous_14)
FNDA:0,(anonymous_15)
FNDA:0,(anonymous_16)
FNDA:0,(anonymous_17)
FNDA:0,(anonymous_18)
FNDA:0,(anonymous_19)
FNDA:0,(anonymous_20)
FNDA:0,(anonymous_21)
FNDA:0,(anonymous_22)
DA:24,0
DA:25,0
DA:26,0
DA:28,0
DA:38,0
DA:39,0
DA:41,0
DA:42,0
DA:50,0
DA:51,0
DA:52,0
DA:55,0
DA:61,0
DA:63,0
DA:64,0
DA:65,0
DA:69,0
DA:70,0
DA:83,0
DA:85,0
DA:86,0
DA:88,0
DA:89,0
DA:97,0
DA:98,0
DA:99,0
DA:101,0
DA:102,0
DA:114,0
DA:116,0
DA:117,0
DA:119,0
DA:120,0
DA:131,0
DA:132,0
DA:133,0
DA:135,0
DA:140,0
DA:142,0
DA:150,0
DA:151,0
DA:153,0
DA:154,0
DA:162,0
DA:163,0
DA:165,0
DA:170,0
DA:171,0
DA:179,0
DA:180,0
DA:182,0
DA:183,0
DA:190,0
DA:191,0
DA:192,0
DA:194,0
DA:196,0
DA:197,0
DA:198,0
DA:199,0
DA:200,0
DA:203,0
DA:205,0
DA:206,0
DA:224,0
DA:225,0
DA:226,0
DA:228,0
DA:229,0
DA:236,0
DA:237,0
DA:239,0
DA:240,0
DA:247,0
DA:248,0
DA:249,0
DA:251,0
DA:252,0
DA:258,0
DA:259,0
DA:261,0
DA:262,0
DA:269,0
DA:270,0
DA:271,0
DA:273,0
DA:274,0
DA:279,0
DA:280,0
DA:282,0
DA:283,0
DA:294,0
DA:295,0
DA:296,0
DA:298,0
DA:300,0
DA:301,0
DA:303,0
DA:304,0
DA:311,0
DA:312,0
DA:313,0
DA:315,0
DA:317,0
DA:318,0
DA:321,0
DA:323,0
DA:324,0
DA:326,0
DA:327,0
LF:110
LH:0
BRDA:33,0,0,0
BRDA:33,0,1,0
BRDA:63,1,0,0
BRDA:63,1,1,0
BRDA:72,2,0,0
BRDA:72,2,1,0
BRDA:108,3,0,0
BRDA:108,3,1,0
BRDA:224,4,0,0
BRDA:247,5,0,0
BRF:10
BRH:0
end_of_record
TN:
SF:services\userService.js
FN:9,(anonymous_0)
FN:33,(anonymous_1)
FN:57,(anonymous_2)
FNF:3
FNH:0
FNDA:0,(anonymous_0)
FNDA:0,(anonymous_1)
FNDA:0,(anonymous_2)
DA:9,0
DA:10,0
DA:11,0
DA:13,0
DA:14,0
DA:19,0
DA:22,0
DA:23,0
DA:33,0
DA:34,0
DA:35,0
DA:37,0
DA:42,0
DA:47,0
DA:48,0
DA:57,0
DA:58,0
DA:59,0
DA:60,0
DA:62,0
DA:63,0
LF:21
LH:0
BRDA:13,0,0,0
BRDA:13,0,1,0
BRDA:60,1,0,0
BRDA:60,1,1,0
BRF:4
BRH:0
end_of_record
